{
"/home/ten/ruby_project/quick_q/lib/react/src/app/app.coffee":{"path":"/home/ten/ruby_project/quick_q/lib/react/src/app/app.coffee","s":{"1":1,"2":1,"3":1,"4":0,"5":1,"6":1,"7":1,"8":1,"9":1,"10":1,"11":0,"12":1,"13":1,"14":1,"15":1,"16":1,"17":1,"18":1,"19":1,"20":1,"21":1,"22":0,"23":0,"24":0},"b":{"1":[0,1],"2":[1,0],"3":[1,1],"4":[1,0],"5":[1,1],"6":[0,1]},"f":{"1":1,"2":0},"fnMap":{"1":{"name":"(anonymous_1)","line":1,"loc":{"start":{"line":1,"column":-15},"end":{"line":1,"column":-15}}},"2":{"name":"(anonymous_2)","line":27,"loc":{"start":{"line":27,"column":12},"end":{"line":27,"column":12}}}},"statementMap":{"1":{"start":{"line":1,"column":-15},"end":{"line":1,"column":-15}},"2":{"start":{"line":1,"column":-15},"end":{"line":1,"column":-15}},"3":{"start":{"line":1,"column":-15},"end":{"line":0,"column":0}},"4":{"start":{"line":1,"column":-15},"end":{"line":1,"column":-15}},"5":{"start":{"line":3,"column":0},"end":{"line":3,"column":23}},"6":{"start":{"line":6,"column":0},"end":{"line":0,"column":0}},"7":{"start":{"line":7,"column":2},"end":{"line":6,"column":0}},"8":{"start":{"line":8,"column":0},"end":{"line":0,"column":0}},"9":{"start":{"line":9,"column":2},"end":{"line":8,"column":0}},"10":{"start":{"line":11,"column":0},"end":{"line":0,"column":0}},"11":{"start":{"line":11,"column":0},"end":{"line":11,"column":0}},"12":{"start":{"line":14,"column":0},"end":{"line":14,"column":0}},"13":{"start":{"line":16,"column":0},"end":{"line":16,"column":10}},"14":{"start":{"line":17,"column":0},"end":{"line":17,"column":11}},"15":{"start":{"line":18,"column":0},"end":{"line":18,"column":11}},"16":{"start":{"line":19,"column":0},"end":{"line":19,"column":11}},"17":{"start":{"line":20,"column":0},"end":{"line":20,"column":11}},"18":{"start":{"line":21,"column":0},"end":{"line":21,"column":15}},"19":{"start":{"line":22,"column":0},"end":{"line":22,"column":18}},"20":{"start":{"line":25,"column":0},"end":{"line":25,"column":0}},"21":{"start":{"line":27,"column":0},"end":{"line":27,"column":12}},"22":{"start":{"line":28,"column":2},"end":{"line":28,"column":2}},"23":{"start":{"line":28,"column":2},"end":{"line":28,"column":15}},"24":{"start":{"line":0,"column":0},"end":{"line":29,"column":2}}},"branchMap":{"1":{"line":1,"type":"if","locations":[{"start":{"line":1,"column":-30},"end":{"line":1,"column":-30}},{"start":{"line":1,"column":-30},"end":{"line":1,"column":-30}}]},"2":{"line":6,"type":"if","locations":[{"start":{"line":6,"column":0},"end":{"line":6,"column":0}},{"start":{"line":6,"column":0},"end":{"line":6,"column":0}}]},"3":{"line":6,"type":"binary-expr","locations":[{"start":{"line":6,"column":3},"end":{"line":6,"column":3}},{"start":{"line":6,"column":3},"end":{"line":6,"column":0}}]},"4":{"line":8,"type":"if","locations":[{"start":{"line":8,"column":0},"end":{"line":8,"column":0}},{"start":{"line":8,"column":0},"end":{"line":8,"column":0}}]},"5":{"line":8,"type":"binary-expr","locations":[{"start":{"line":8,"column":3},"end":{"line":8,"column":3}},{"start":{"line":8,"column":3},"end":{"line":8,"column":0}}]},"6":{"line":11,"type":"if","locations":[{"start":{"line":11,"column":0},"end":{"line":11,"column":0}},{"start":{"line":11,"column":0},"end":{"line":11,"column":0}}]}},"l":{"0":0,"1":1,"3":1,"6":1,"7":1,"8":1,"9":1,"11":1,"14":1,"16":1,"17":1,"18":1,"19":1,"20":1,"21":1,"22":1,"25":1,"27":1,"28":0}},
"/home/ten/ruby_project/quick_q/lib/react/src/app/constant.coffee":{"path":"/home/ten/ruby_project/quick_q/lib/react/src/app/constant.coffee","s":{"1":1,"2":1,"3":1,"4":0,"5":0,"6":0,"7":0,"8":0,"9":0,"10":0,"11":0,"12":0,"13":0},"b":{},"f":{"1":1,"2":0,"3":0,"4":0,"5":0,"6":0,"7":0,"8":0,"9":0,"10":0,"11":0},"fnMap":{"1":{"name":"(anonymous_1)","line":1,"loc":{"start":{"line":1,"column":-15},"end":{"line":1,"column":-15}}},"2":{"name":"(anonymous_2)","line":13,"loc":{"start":{"line":13,"column":10},"end":{"line":13,"column":10}}},"3":{"name":"(anonymous_3)","line":16,"loc":{"start":{"line":16,"column":16},"end":{"line":16,"column":16}}},"4":{"name":"(anonymous_4)","line":17,"loc":{"start":{"line":17,"column":30},"end":{"line":17,"column":30}}},"5":{"name":"(anonymous_5)","line":17,"loc":{"start":{"line":17,"column":30},"end":{"line":17,"column":30}}},"6":{"name":"(anonymous_6)","line":18,"loc":{"start":{"line":18,"column":14},"end":{"line":18,"column":14}}},"7":{"name":"(anonymous_7)","line":19,"loc":{"start":{"line":19,"column":33},"end":{"line":19,"column":33}}},"8":{"name":"(anonymous_8)","line":19,"loc":{"start":{"line":19,"column":33},"end":{"line":19,"column":33}}},"9":{"name":"(anonymous_9)","line":20,"loc":{"start":{"line":20,"column":16},"end":{"line":20,"column":16}}},"10":{"name":"(anonymous_10)","line":21,"loc":{"start":{"line":21,"column":35},"end":{"line":21,"column":35}}},"11":{"name":"(anonymous_11)","line":21,"loc":{"start":{"line":21,"column":35},"end":{"line":21,"column":35}}}},"statementMap":{"1":{"start":{"line":1,"column":-15},"end":{"line":1,"column":-15}},"2":{"start":{"line":1,"column":-15},"end":{"line":1,"column":-15}},"3":{"start":{"line":1,"column":-15},"end":{"line":0,"column":0}},"4":{"start":{"line":0,"column":0},"end":{"line":14,"column":6}},"5":{"start":{"line":0,"column":0},"end":{"line":17,"column":58}},"6":{"start":{"line":0,"column":0},"end":{"line":17,"column":30}},"7":{"start":{"line":0,"column":0},"end":{"line":17,"column":51}},"8":{"start":{"line":0,"column":0},"end":{"line":19,"column":61}},"9":{"start":{"line":0,"column":0},"end":{"line":19,"column":33}},"10":{"start":{"line":0,"column":0},"end":{"line":19,"column":54}},"11":{"start":{"line":0,"column":0},"end":{"line":21,"column":63}},"12":{"start":{"line":0,"column":0},"end":{"line":21,"column":35}},"13":{"start":{"line":0,"column":0},"end":{"line":21,"column":56}}},"branchMap":{},"l":{"0":0,"1":1}},
"/home/ten/ruby_project/quick_q/lib/react/src/app/lang.coffee":{"path":"/home/ten/ruby_project/quick_q/lib/react/src/app/lang.coffee","s":{"1":1,"2":1,"3":1},"b":{},"f":{"1":1},"fnMap":{"1":{"name":"(anonymous_1)","line":1,"loc":{"start":{"line":1,"column":-15},"end":{"line":1,"column":-15}}}},"statementMap":{"1":{"start":{"line":1,"column":-15},"end":{"line":1,"column":-15}},"2":{"start":{"line":1,"column":-15},"end":{"line":1,"column":-15}},"3":{"start":{"line":1,"column":-15},"end":{"line":2,"column":2}}},"branchMap":{},"l":{"1":1}},
"/home/ten/ruby_project/quick_q/lib/react/src/app/path.coffee":{"path":"/home/ten/ruby_project/quick_q/lib/react/src/app/path.coffee","s":{"1":1,"2":1,"3":1,"4":0,"5":0},"b":{},"f":{"1":1,"2":0,"3":0},"fnMap":{"1":{"name":"(anonymous_1)","line":1,"loc":{"start":{"line":1,"column":-15},"end":{"line":1,"column":-15}}},"2":{"name":"(anonymous_2)","line":14,"loc":{"start":{"line":14,"column":10},"end":{"line":14,"column":10}}},"3":{"name":"(anonymous_3)","line":15,"loc":{"start":{"line":15,"column":21},"end":{"line":15,"column":21}}}},"statementMap":{"1":{"start":{"line":1,"column":-15},"end":{"line":1,"column":-15}},"2":{"start":{"line":1,"column":-15},"end":{"line":1,"column":-15}},"3":{"start":{"line":1,"column":-15},"end":{"line":14,"column":10}},"4":{"start":{"line":0,"column":0},"end":{"line":15,"column":4}},"5":{"start":{"line":0,"column":0},"end":{"line":16,"column":6}}},"branchMap":{},"l":{"0":0,"1":1}},
"/home/ten/ruby_project/quick_q/lib/react/src/app/util.coffee":{"path":"/home/ten/ruby_project/quick_q/lib/react/src/app/util.coffee","s":{"1":1,"2":1,"3":1,"4":0,"5":0,"6":0,"7":0,"8":0,"9":0,"10":0,"11":0,"12":0,"13":0,"14":0,"15":0,"16":0,"17":0,"18":0,"19":0,"20":0,"21":0},"b":{"1":[0,0,0,0,0,0],"2":[0,0],"3":[0,0]},"f":{"1":1,"2":0},"fnMap":{"1":{"name":"(anonymous_1)","line":1,"loc":{"start":{"line":1,"column":-15},"end":{"line":1,"column":-15}}},"2":{"name":"(anonymous_2)","line":32,"loc":{"start":{"line":32,"column":6},"end":{"line":32,"column":6}}}},"statementMap":{"1":{"start":{"line":1,"column":-15},"end":{"line":1,"column":-15}},"2":{"start":{"line":1,"column":-15},"end":{"line":1,"column":-15}},"3":{"start":{"line":1,"column":-15},"end":{"line":32,"column":6}},"4":{"start":{"line":33,"column":4},"end":{"line":33,"column":4}},"5":{"start":{"line":33,"column":4},"end":{"line":33,"column":4}},"6":{"start":{"line":35,"column":8},"end":{"line":35,"column":34}},"7":{"start":{"line":36,"column":8},"end":{"line":36,"column":19}},"8":{"start":{"line":37,"column":8},"end":{"line":0,"column":0}},"9":{"start":{"line":0,"column":0},"end":{"line":37,"column":8}},"10":{"start":{"line":0,"column":0},"end":{"line":37,"column":8}},"11":{"start":{"line":34,"column":11},"end":{"line":34,"column":11}},"12":{"start":{"line":42,"column":8},"end":{"line":42,"column":8}},"13":{"start":{"line":0,"column":0},"end":{"line":42,"column":8}},"14":{"start":{"line":0,"column":0},"end":{"line":42,"column":8}},"15":{"start":{"line":0,"column":0},"end":{"line":43,"column":10}},"16":{"start":{"line":42,"column":8},"end":{"line":42,"column":8}},"17":{"start":{"line":41,"column":11},"end":{"line":41,"column":11}},"18":{"start":{"line":0,"column":0},"end":{"line":45,"column":8}},"19":{"start":{"line":0,"column":0},"end":{"line":47,"column":8}},"20":{"start":{"line":0,"column":0},"end":{"line":49,"column":8}},"21":{"start":{"line":0,"column":0},"end":{"line":51,"column":8}}},"branchMap":{"1":{"line":33,"type":"switch","locations":[{"start":{"line":33,"column":4},"end":{"line":34,"column":11}},{"start":{"line":33,"column":4},"end":{"line":41,"column":11}},{"start":{"line":33,"column":4},"end":{"line":45,"column":8}},{"start":{"line":33,"column":4},"end":{"line":47,"column":8}},{"start":{"line":33,"column":4},"end":{"line":49,"column":8}},{"start":{"line":33,"column":4},"end":{"line":51,"column":8}}]},"2":{"line":33,"type":"cond-expr","locations":[{"start":{"line":34,"column":11},"end":{"line":34,"column":11}},{"start":{"line":34,"column":11},"end":{"line":33,"column":4}}]},"3":{"line":37,"type":"if","locations":[{"start":{"line":37,"column":8},"end":{"line":37,"column":8}},{"start":{"line":37,"column":8},"end":{"line":37,"column":8}}]}},"l":{"0":0,"1":1,"33":0,"34":0,"35":0,"36":0,"37":0,"41":0,"42":0}},
"/home/ten/ruby_project/quick_q/lib/react/src/app/contexts/base-context.coffee":{"path":"/home/ten/ruby_project/quick_q/lib/react/src/app/contexts/base-context.coffee","s":{"1":1,"2":1,"3":1,"4":6,"5":6,"6":1,"7":1,"8":1,"9":1,"10":1,"11":1,"12":1,"13":1,"14":1,"15":13,"16":1,"17":13,"18":13,"19":13,"20":13,"21":1,"22":1,"23":75,"24":1,"25":0,"26":1,"27":0,"28":1},"b":{"1":[6,0]},"f":{"1":1,"2":1,"3":1,"4":1,"5":13,"6":13,"7":13,"8":1,"9":75,"10":0,"11":0},"fnMap":{"1":{"name":"(anonymous_1)","line":1,"loc":{"start":{"line":1,"column":-15},"end":{"line":1,"column":-15}}},"2":{"name":"(anonymous_2)","line":1,"loc":{"start":{"line":1,"column":-15},"end":{"line":1,"column":-15}}},"3":{"name":"ctor","line":1,"loc":{"start":{"line":1,"column":-30},"end":{"line":1,"column":-15}}},"4":{"name":"(anonymous_4)","line":1,"loc":{"start":{"line":1,"column":8},"end":{"line":1,"column":8}}},"5":{"name":"BaseContext","line":1,"loc":{"start":{"line":1,"column":-30},"end":{"line":1,"column":8}}},"6":{"name":"(anonymous_6)","line":2,"loc":{"start":{"line":2,"column":12},"end":{"line":2,"column":12}}},"7":{"name":"(anonymous_7)","line":5,"loc":{"start":{"line":5,"column":33},"end":{"line":5,"column":33}}},"8":{"name":"(anonymous_8)","line":8,"loc":{"start":{"line":8,"column":33},"end":{"line":8,"column":33}}},"9":{"name":"(anonymous_9)","line":11,"loc":{"start":{"line":11,"column":13},"end":{"line":11,"column":13}}},"10":{"name":"(anonymous_10)","line":14,"loc":{"start":{"line":14,"column":17},"end":{"line":14,"column":17}}},"11":{"name":"(anonymous_11)","line":17,"loc":{"start":{"line":17,"column":16},"end":{"line":17,"column":16}}}},"statementMap":{"1":{"start":{"line":1,"column":-15},"end":{"line":1,"column":-15}},"2":{"start":{"line":1,"column":-15},"end":{"line":1,"column":-15}},"3":{"start":{"line":1,"column":-15},"end":{"line":1,"column":-15}},"4":{"start":{"line":1,"column":-15},"end":{"line":1,"column":-15}},"5":{"start":{"line":1,"column":-15},"end":{"line":1,"column":-15}},"6":{"start":{"line":1,"column":-30},"end":{"line":1,"column":-15}},"7":{"start":{"line":1,"column":-15},"end":{"line":1,"column":-15}},"8":{"start":{"line":1,"column":-15},"end":{"line":1,"column":-15}},"9":{"start":{"line":1,"column":-15},"end":{"line":1,"column":-15}},"10":{"start":{"line":1,"column":-15},"end":{"line":1,"column":-15}},"11":{"start":{"line":1,"column":-15},"end":{"line":1,"column":-15}},"12":{"start":{"line":1,"column":-15},"end":{"line":1,"column":33}},"13":{"start":{"line":1,"column":-15},"end":{"line":1,"column":8}},"14":{"start":{"line":1,"column":-30},"end":{"line":1,"column":-15}},"15":{"start":{"line":1,"column":-15},"end":{"line":1,"column":8}},"16":{"start":{"line":0,"column":0},"end":{"line":2,"column":12}},"17":{"start":{"line":3,"column":4},"end":{"line":3,"column":4}},"18":{"start":{"line":5,"column":4},"end":{"line":5,"column":4}},"19":{"start":{"line":0,"column":0},"end":{"line":6,"column":21}},"20":{"start":{"line":0,"column":0},"end":{"line":8,"column":4}},"21":{"start":{"line":0,"column":0},"end":{"line":9,"column":6}},"22":{"start":{"line":0,"column":0},"end":{"line":11,"column":13}},"23":{"start":{"line":0,"column":0},"end":{"line":12,"column":4}},"24":{"start":{"line":0,"column":0},"end":{"line":14,"column":17}},"25":{"start":{"line":0,"column":0},"end":{"line":15,"column":4}},"26":{"start":{"line":0,"column":0},"end":{"line":17,"column":16}},"27":{"start":{"line":0,"column":0},"end":{"line":18,"column":4}},"28":{"start":{"line":17,"column":16},"end":{"line":17,"column":16}}},"branchMap":{"1":{"line":1,"type":"if","locations":[{"start":{"line":1,"column":-30},"end":{"line":1,"column":-30}},{"start":{"line":1,"column":-30},"end":{"line":1,"column":-30}}]}},"l":{"0":75,"1":13,"3":13,"5":13,"17":1}},
"/home/ten/ruby_project/quick_q/lib/react/src/app/contexts/blank-context.coffee":{"path":"/home/ten/ruby_project/quick_q/lib/react/src/app/contexts/blank-context.coffee","s":{"1":1,"2":1,"3":1,"4":6,"5":6,"6":1,"7":1,"8":1,"9":1,"10":1,"11":1,"12":1,"13":1,"14":1,"15":0,"16":1,"17":0,"18":1,"19":0,"20":1},"b":{"1":[6,0]},"f":{"1":1,"2":1,"3":1,"4":1,"5":0,"6":0,"7":0},"fnMap":{"1":{"name":"(anonymous_1)","line":4,"loc":{"start":{"line":4,"column":0},"end":{"line":4,"column":0}}},"2":{"name":"(anonymous_2)","line":4,"loc":{"start":{"line":4,"column":0},"end":{"line":4,"column":0}}},"3":{"name":"ctor","line":4,"loc":{"start":{"line":4,"column":0},"end":{"line":4,"column":0}}},"4":{"name":"(anonymous_4)","line":4,"loc":{"start":{"line":4,"column":23},"end":{"line":4,"column":23}}},"5":{"name":"BlankContext","line":4,"loc":{"start":{"line":4,"column":0},"end":{"line":4,"column":23}}},"6":{"name":"(anonymous_6)","line":5,"loc":{"start":{"line":5,"column":13},"end":{"line":5,"column":13}}},"7":{"name":"(anonymous_7)","line":8,"loc":{"start":{"line":8,"column":12},"end":{"line":8,"column":12}}}},"statementMap":{"1":{"start":{"line":4,"column":0},"end":{"line":4,"column":0}},"2":{"start":{"line":4,"column":0},"end":{"line":4,"column":0}},"3":{"start":{"line":4,"column":0},"end":{"line":4,"column":0}},"4":{"start":{"line":4,"column":0},"end":{"line":4,"column":0}},"5":{"start":{"line":4,"column":0},"end":{"line":4,"column":0}},"6":{"start":{"line":4,"column":0},"end":{"line":4,"column":0}},"7":{"start":{"line":4,"column":0},"end":{"line":4,"column":0}},"8":{"start":{"line":4,"column":0},"end":{"line":4,"column":0}},"9":{"start":{"line":4,"column":0},"end":{"line":4,"column":0}},"10":{"start":{"line":4,"column":0},"end":{"line":4,"column":0}},"11":{"start":{"line":4,"column":0},"end":{"line":4,"column":0}},"12":{"start":{"line":4,"column":0},"end":{"line":4,"column":49}},"13":{"start":{"line":4,"column":0},"end":{"line":4,"column":23}},"14":{"start":{"line":4,"column":0},"end":{"line":4,"column":0}},"15":{"start":{"line":4,"column":0},"end":{"line":4,"column":23}},"16":{"start":{"line":0,"column":0},"end":{"line":5,"column":13}},"17":{"start":{"line":0,"column":0},"end":{"line":5,"column":24}},"18":{"start":{"line":0,"column":0},"end":{"line":7,"column":13}},"19":{"start":{"line":0,"column":0},"end":{"line":9,"column":6}},"20":{"start":{"line":0,"column":0},"end":{"line":7,"column":13}}},"branchMap":{"1":{"line":4,"type":"if","locations":[{"start":{"line":4,"column":0},"end":{"line":4,"column":0}},{"start":{"line":4,"column":0},"end":{"line":4,"column":0}}]}},"l":{"0":1,"4":6}},
"/home/ten/ruby_project/quick_q/lib/react/src/app/contexts/index.coffee":{"path":"/home/ten/ruby_project/quick_q/lib/react/src/app/contexts/index.coffee","s":{"1":1,"2":1,"3":1,"4":1,"5":1,"6":1,"7":1,"8":1,"9":1,"10":1},"b":{},"f":{"1":1},"fnMap":{"1":{"name":"(anonymous_1)","line":1,"loc":{"start":{"line":1,"column":-15},"end":{"line":1,"column":-15}}}},"statementMap":{"1":{"start":{"line":1,"column":-15},"end":{"line":1,"column":-15}},"2":{"start":{"line":1,"column":-15},"end":{"line":1,"column":-15}},"3":{"start":{"line":1,"column":-15},"end":{"line":1,"column":13}},"4":{"start":{"line":2,"column":0},"end":{"line":2,"column":23}},"5":{"start":{"line":3,"column":0},"end":{"line":3,"column":24}},"6":{"start":{"line":4,"column":0},"end":{"line":4,"column":23}},"7":{"start":{"line":5,"column":0},"end":{"line":5,"column":16}},"8":{"start":{"line":6,"column":0},"end":{"line":6,"column":20}},"9":{"start":{"line":7,"column":0},"end":{"line":7,"column":25}},"10":{"start":{"line":8,"column":0},"end":{"line":8,"column":13}}},"branchMap":{},"l":{"1":1,"2":1,"3":1,"4":1,"5":1,"6":1,"7":1,"8":1}},
"/home/ten/ruby_project/quick_q/lib/react/src/app/contexts/main-context.coffee":{"path":"/home/ten/ruby_project/quick_q/lib/react/src/app/contexts/main-context.coffee","s":{"1":1,"2":1,"3":0,"4":0,"5":1,"6":6,"7":6,"8":1,"9":1,"10":1,"11":1,"12":1,"13":1,"14":1,"15":1,"16":1,"17":1,"18":0,"19":0,"20":0,"21":1,"22":0,"23":0,"24":0,"25":0,"26":1,"27":1,"28":1,"29":1,"30":0,"31":1,"32":0,"33":1,"34":0,"35":0,"36":0,"37":0,"38":0,"39":0,"40":0,"41":0,"42":0,"43":0,"44":0,"45":0,"46":0,"47":0,"48":0,"49":0,"50":0,"51":0,"52":0,"53":0,"54":0,"55":0,"56":0,"57":0,"58":0,"59":0,"60":0,"61":0,"62":0,"63":1,"64":0,"65":1,"66":0,"67":0,"68":0,"69":1,"70":0,"71":0,"72":0,"73":0,"74":0,"75":0,"76":0,"77":0,"78":0,"79":0,"80":0,"81":0,"82":1,"83":0,"84":0,"85":0,"86":0,"87":0,"88":0,"89":0,"90":0,"91":0,"92":0,"93":0,"94":0,"95":0,"96":0,"97":0,"98":0,"99":1,"100":0,"101":0,"102":1,"103":1,"104":0,"105":0,"106":1,"107":0,"108":0,"109":1,"110":0,"111":1,"112":0,"113":0,"114":0,"115":0,"116":0,"117":0,"118":1,"119":0,"120":1,"121":0,"122":1,"123":0,"124":0,"125":0,"126":0,"127":0,"128":0,"129":0,"130":0,"131":0,"132":0,"133":1,"134":0,"135":0,"136":0,"137":0,"138":0,"139":1},"b":{"1":[6,0],"2":[0,0],"3":[0,0,0]},"f":{"1":1,"2":0,"3":0,"4":1,"5":1,"6":1,"7":0,"8":0,"9":0,"10":0,"11":0,"12":0,"13":0,"14":0,"15":0,"16":0,"17":0,"18":0,"19":0,"20":0,"21":0,"22":0,"23":0,"24":0,"25":0,"26":0,"27":0,"28":0,"29":0,"30":0,"31":0,"32":0,"33":0,"34":0,"35":0,"36":0,"37":0,"38":0,"39":0,"40":0,"41":0,"42":0,"43":0,"44":0,"45":0,"46":0,"47":0,"48":0,"49":0,"50":0,"51":0,"52":0,"53":0,"54":0,"55":0,"56":0},"fnMap":{"1":{"name":"(anonymous_1)","line":10,"loc":{"start":{"line":10,"column":0},"end":{"line":10,"column":0}}},"2":{"name":"(anonymous_2)","line":10,"loc":{"start":{"line":10,"column":0},"end":{"line":10,"column":0}}},"3":{"name":"(anonymous_3)","line":10,"loc":{"start":{"line":10,"column":0},"end":{"line":10,"column":0}}},"4":{"name":"(anonymous_4)","line":10,"loc":{"start":{"line":10,"column":0},"end":{"line":10,"column":0}}},"5":{"name":"ctor","line":10,"loc":{"start":{"line":10,"column":0},"end":{"line":10,"column":0}}},"6":{"name":"(anonymous_6)","line":10,"loc":{"start":{"line":10,"column":23},"end":{"line":10,"column":23}}},"7":{"name":"MainContext","line":11,"loc":{"start":{"line":11,"column":2},"end":{"line":11,"column":2}}},"8":{"name":"(anonymous_8)","line":13,"loc":{"start":{"line":13,"column":12},"end":{"line":13,"column":12}}},"9":{"name":"(anonymous_9)","line":16,"loc":{"start":{"line":16,"column":23},"end":{"line":16,"column":23}}},"10":{"name":"(anonymous_10)","line":29,"loc":{"start":{"line":29,"column":13},"end":{"line":29,"column":13}}},"11":{"name":"(anonymous_11)","line":31,"loc":{"start":{"line":31,"column":24},"end":{"line":31,"column":24}}},"12":{"name":"(anonymous_12)","line":33,"loc":{"start":{"line":33,"column":12},"end":{"line":33,"column":12}}},"13":{"name":"(anonymous_13)","line":36,"loc":{"start":{"line":36,"column":33},"end":{"line":36,"column":33}}},"14":{"name":"(anonymous_14)","line":44,"loc":{"start":{"line":44,"column":32},"end":{"line":44,"column":32}}},"15":{"name":"(anonymous_15)","line":44,"loc":{"start":{"line":44,"column":32},"end":{"line":44,"column":32}}},"16":{"name":"(anonymous_16)","line":45,"loc":{"start":{"line":45,"column":28},"end":{"line":45,"column":28}}},"17":{"name":"(anonymous_17)","line":46,"loc":{"start":{"line":46,"column":26},"end":{"line":46,"column":26}}},"18":{"name":"(anonymous_18)","line":49,"loc":{"start":{"line":49,"column":29},"end":{"line":49,"column":29}}},"19":{"name":"(anonymous_19)","line":49,"loc":{"start":{"line":49,"column":29},"end":{"line":49,"column":29}}},"20":{"name":"(anonymous_20)","line":50,"loc":{"start":{"line":50,"column":30},"end":{"line":50,"column":30}}},"21":{"name":"(anonymous_21)","line":50,"loc":{"start":{"line":50,"column":30},"end":{"line":50,"column":30}}},"22":{"name":"(anonymous_22)","line":54,"loc":{"start":{"line":54,"column":24},"end":{"line":54,"column":24}}},"23":{"name":"(anonymous_23)","line":54,"loc":{"start":{"line":54,"column":24},"end":{"line":54,"column":24}}},"24":{"name":"(anonymous_24)","line":55,"loc":{"start":{"line":55,"column":14},"end":{"line":55,"column":14}}},"25":{"name":"(anonymous_25)","line":57,"loc":{"start":{"line":57,"column":31},"end":{"line":57,"column":31}}},"26":{"name":"(anonymous_26)","line":59,"loc":{"start":{"line":59,"column":33},"end":{"line":59,"column":33}}},"27":{"name":"(anonymous_27)","line":62,"loc":{"start":{"line":62,"column":39},"end":{"line":62,"column":39}}},"28":{"name":"(anonymous_28)","line":70,"loc":{"start":{"line":70,"column":13},"end":{"line":70,"column":13}}},"29":{"name":"(anonymous_29)","line":77,"loc":{"start":{"line":77,"column":27},"end":{"line":77,"column":27}}},"30":{"name":"(anonymous_30)","line":82,"loc":{"start":{"line":82,"column":22},"end":{"line":82,"column":22}}},"31":{"name":"(anonymous_31)","line":89,"loc":{"start":{"line":89,"column":69},"end":{"line":89,"column":69}}},"32":{"name":"(anonymous_32)","line":89,"loc":{"start":{"line":89,"column":69},"end":{"line":89,"column":69}}},"33":{"name":"(anonymous_33)","line":91,"loc":{"start":{"line":91,"column":71},"end":{"line":91,"column":71}}},"34":{"name":"(anonymous_34)","line":91,"loc":{"start":{"line":91,"column":71},"end":{"line":91,"column":71}}},"35":{"name":"(anonymous_35)","line":93,"loc":{"start":{"line":93,"column":63},"end":{"line":93,"column":63}}},"36":{"name":"(anonymous_36)","line":93,"loc":{"start":{"line":93,"column":63},"end":{"line":93,"column":63}}},"37":{"name":"(anonymous_37)","line":96,"loc":{"start":{"line":96,"column":21},"end":{"line":96,"column":21}}},"38":{"name":"(anonymous_38)","line":103,"loc":{"start":{"line":103,"column":21},"end":{"line":103,"column":21}}},"39":{"name":"(anonymous_39)","line":104,"loc":{"start":{"line":104,"column":22},"end":{"line":104,"column":22}}},"40":{"name":"(anonymous_40)","line":105,"loc":{"start":{"line":105,"column":31},"end":{"line":105,"column":31}}},"41":{"name":"(anonymous_41)","line":106,"loc":{"start":{"line":106,"column":35},"end":{"line":106,"column":35}}},"42":{"name":"(anonymous_42)","line":107,"loc":{"start":{"line":107,"column":26},"end":{"line":107,"column":26}}},"43":{"name":"(anonymous_43)","line":107,"loc":{"start":{"line":107,"column":26},"end":{"line":107,"column":26}}},"44":{"name":"(anonymous_44)","line":113,"loc":{"start":{"line":113,"column":20},"end":{"line":113,"column":20}}},"45":{"name":"(anonymous_45)","line":116,"loc":{"start":{"line":116,"column":24},"end":{"line":116,"column":24}}},"46":{"name":"(anonymous_46)","line":121,"loc":{"start":{"line":121,"column":13},"end":{"line":121,"column":13}}},"47":{"name":"(anonymous_47)","line":124,"loc":{"start":{"line":124,"column":12},"end":{"line":124,"column":12}}},"48":{"name":"(anonymous_48)","line":130,"loc":{"start":{"line":130,"column":19},"end":{"line":130,"column":19}}},"49":{"name":"(anonymous_49)","line":133,"loc":{"start":{"line":133,"column":25},"end":{"line":133,"column":25}}},"50":{"name":"(anonymous_50)","line":141,"loc":{"start":{"line":141,"column":23},"end":{"line":141,"column":23}}},"51":{"name":"(anonymous_51)","line":147,"loc":{"start":{"line":147,"column":17},"end":{"line":147,"column":17}}},"52":{"name":"(anonymous_52)","line":150,"loc":{"start":{"line":150,"column":16},"end":{"line":150,"column":16}}},"53":{"name":"(anonymous_53)","line":153,"loc":{"start":{"line":153,"column":18},"end":{"line":153,"column":18}}},"54":{"name":"(anonymous_54)","line":172,"loc":{"start":{"line":172,"column":17},"end":{"line":172,"column":17}}},"55":{"name":"(anonymous_55)","line":174,"loc":{"start":{"line":174,"column":65},"end":{"line":174,"column":65}}},"56":{"name":"(anonymous_56)","line":174,"loc":{"start":{"line":174,"column":65},"end":{"line":174,"column":65}}}},"statementMap":{"1":{"start":{"line":10,"column":0},"end":{"line":10,"column":0}},"2":{"start":{"line":10,"column":0},"end":{"line":10,"column":0}},"3":{"start":{"line":10,"column":0},"end":{"line":10,"column":0}},"4":{"start":{"line":10,"column":0},"end":{"line":10,"column":0}},"5":{"start":{"line":10,"column":0},"end":{"line":10,"column":0}},"6":{"start":{"line":10,"column":0},"end":{"line":10,"column":0}},"7":{"start":{"line":10,"column":0},"end":{"line":10,"column":0}},"8":{"start":{"line":10,"column":0},"end":{"line":10,"column":0}},"9":{"start":{"line":10,"column":0},"end":{"line":10,"column":0}},"10":{"start":{"line":10,"column":0},"end":{"line":10,"column":0}},"11":{"start":{"line":10,"column":0},"end":{"line":10,"column":0}},"12":{"start":{"line":10,"column":0},"end":{"line":10,"column":0}},"13":{"start":{"line":10,"column":0},"end":{"line":10,"column":0}},"14":{"start":{"line":10,"column":0},"end":{"line":10,"column":48}},"15":{"start":{"line":11,"column":2},"end":{"line":11,"column":2}},"16":{"start":{"line":11,"column":2},"end":{"line":11,"column":2}},"17":{"start":{"line":11,"column":2},"end":{"line":11,"column":2}},"18":{"start":{"line":11,"column":2},"end":{"line":11,"column":2}},"19":{"start":{"line":11,"column":2},"end":{"line":11,"column":2}},"20":{"start":{"line":11,"column":2},"end":{"line":11,"column":2}},"21":{"start":{"line":0,"column":0},"end":{"line":11,"column":13}},"22":{"start":{"line":0,"column":0},"end":{"line":14,"column":6}},"23":{"start":{"line":17,"column":6},"end":{"line":17,"column":6}},"24":{"start":{"line":17,"column":6},"end":{"line":20,"column":8}},"25":{"start":{"line":0,"column":0},"end":{"line":22,"column":6}},"26":{"start":{"line":25,"column":2},"end":{"line":25,"column":13}},"27":{"start":{"line":26,"column":2},"end":{"line":26,"column":13}},"28":{"start":{"line":27,"column":2},"end":{"line":27,"column":9}},"29":{"start":{"line":0,"column":0},"end":{"line":29,"column":13}},"30":{"start":{"line":0,"column":0},"end":{"line":29,"column":24}},"31":{"start":{"line":0,"column":0},"end":{"line":31,"column":24}},"32":{"start":{"line":0,"column":0},"end":{"line":31,"column":42}},"33":{"start":{"line":0,"column":0},"end":{"line":33,"column":12}},"34":{"start":{"line":34,"column":4},"end":{"line":34,"column":4}},"35":{"start":{"line":36,"column":4},"end":{"line":36,"column":4}},"36":{"start":{"line":37,"column":6},"end":{"line":37,"column":6}},"37":{"start":{"line":38,"column":6},"end":{"line":38,"column":6}},"38":{"start":{"line":0,"column":0},"end":{"line":39,"column":6}},"39":{"start":{"line":41,"column":4},"end":{"line":41,"column":4}},"40":{"start":{"line":42,"column":4},"end":{"line":42,"column":4}},"41":{"start":{"line":44,"column":4},"end":{"line":44,"column":4}},"42":{"start":{"line":0,"column":0},"end":{"line":44,"column":32}},"43":{"start":{"line":45,"column":4},"end":{"line":45,"column":4}},"44":{"start":{"line":0,"column":0},"end":{"line":45,"column":31}},"45":{"start":{"line":46,"column":4},"end":{"line":46,"column":4}},"46":{"start":{"line":0,"column":0},"end":{"line":47,"column":6}},"47":{"start":{"line":49,"column":4},"end":{"line":49,"column":4}},"48":{"start":{"line":0,"column":0},"end":{"line":49,"column":29}},"49":{"start":{"line":50,"column":4},"end":{"line":50,"column":4}},"50":{"start":{"line":0,"column":0},"end":{"line":50,"column":30}},"51":{"start":{"line":51,"column":6},"end":{"line":51,"column":6}},"52":{"start":{"line":0,"column":0},"end":{"line":52,"column":6}},"53":{"start":{"line":54,"column":4},"end":{"line":54,"column":4}},"54":{"start":{"line":0,"column":0},"end":{"line":54,"column":24}},"55":{"start":{"line":0,"column":0},"end":{"line":55,"column":6}},"56":{"start":{"line":0,"column":0},"end":{"line":55,"column":25}},"57":{"start":{"line":57,"column":4},"end":{"line":57,"column":4}},"58":{"start":{"line":0,"column":0},"end":{"line":57,"column":44}},"59":{"start":{"line":59,"column":4},"end":{"line":59,"column":4}},"60":{"start":{"line":0,"column":0},"end":{"line":60,"column":6}},"61":{"start":{"line":0,"column":0},"end":{"line":62,"column":4}},"62":{"start":{"line":0,"column":0},"end":{"line":63,"column":6}},"63":{"start":{"line":0,"column":0},"end":{"line":70,"column":13}},"64":{"start":{"line":0,"column":0},"end":{"line":71,"column":4}},"65":{"start":{"line":0,"column":0},"end":{"line":77,"column":27}},"66":{"start":{"line":78,"column":4},"end":{"line":78,"column":4}},"67":{"start":{"line":79,"column":4},"end":{"line":79,"column":4}},"68":{"start":{"line":0,"column":0},"end":{"line":80,"column":4}},"69":{"start":{"line":0,"column":0},"end":{"line":82,"column":22}},"70":{"start":{"line":84,"column":4},"end":{"line":84,"column":23}},"71":{"start":{"line":85,"column":4},"end":{"line":85,"column":24}},"72":{"start":{"line":86,"column":4},"end":{"line":86,"column":20}},"73":{"start":{"line":89,"column":4},"end":{"line":89,"column":4}},"74":{"start":{"line":0,"column":0},"end":{"line":89,"column":69}},"75":{"start":{"line":0,"column":0},"end":{"line":90,"column":6}},"76":{"start":{"line":91,"column":4},"end":{"line":91,"column":4}},"77":{"start":{"line":0,"column":0},"end":{"line":91,"column":71}},"78":{"start":{"line":0,"column":0},"end":{"line":92,"column":6}},"79":{"start":{"line":0,"column":0},"end":{"line":93,"column":4}},"80":{"start":{"line":0,"column":0},"end":{"line":93,"column":63}},"81":{"start":{"line":0,"column":0},"end":{"line":94,"column":6}},"82":{"start":{"line":0,"column":0},"end":{"line":96,"column":21}},"83":{"start":{"line":98,"column":4},"end":{"line":98,"column":24}},"84":{"start":{"line":101,"column":4},"end":{"line":101,"column":18}},"85":{"start":{"line":103,"column":4},"end":{"line":103,"column":4}},"86":{"start":{"line":0,"column":0},"end":{"line":103,"column":36}},"87":{"start":{"line":104,"column":4},"end":{"line":104,"column":4}},"88":{"start":{"line":0,"column":0},"end":{"line":104,"column":37}},"89":{"start":{"line":105,"column":4},"end":{"line":105,"column":4}},"90":{"start":{"line":0,"column":0},"end":{"line":105,"column":46}},"91":{"start":{"line":106,"column":4},"end":{"line":106,"column":4}},"92":{"start":{"line":0,"column":0},"end":{"line":106,"column":50}},"93":{"start":{"line":0,"column":0},"end":{"line":107,"column":4}},"94":{"start":{"line":0,"column":0},"end":{"line":107,"column":26}},"95":{"start":{"line":108,"column":6},"end":{"line":0,"column":0}},"96":{"start":{"line":109,"column":8},"end":{"line":109,"column":34}},"97":{"start":{"line":110,"column":8},"end":{"line":108,"column":6}},"98":{"start":{"line":0,"column":0},"end":{"line":111,"column":10}},"99":{"start":{"line":0,"column":0},"end":{"line":113,"column":20}},"100":{"start":{"line":114,"column":4},"end":{"line":114,"column":4}},"101":{"start":{"line":0,"column":0},"end":{"line":114,"column":4}},"102":{"start":{"line":0,"column":0},"end":{"line":116,"column":24}},"103":{"start":{"line":0,"column":0},"end":{"line":121,"column":13}},"104":{"start":{"line":122,"column":4},"end":{"line":122,"column":4}},"105":{"start":{"line":0,"column":0},"end":{"line":122,"column":4}},"106":{"start":{"line":0,"column":0},"end":{"line":124,"column":12}},"107":{"start":{"line":125,"column":4},"end":{"line":125,"column":4}},"108":{"start":{"line":0,"column":0},"end":{"line":125,"column":4}},"109":{"start":{"line":0,"column":0},"end":{"line":130,"column":19}},"110":{"start":{"line":0,"column":0},"end":{"line":131,"column":4}},"111":{"start":{"line":0,"column":0},"end":{"line":133,"column":25}},"112":{"start":{"line":134,"column":4},"end":{"line":134,"column":4}},"113":{"start":{"line":134,"column":4},"end":{"line":134,"column":15}},"114":{"start":{"line":0,"column":0},"end":{"line":141,"column":4}},"115":{"start":{"line":142,"column":6},"end":{"line":142,"column":6}},"116":{"start":{"line":143,"column":6},"end":{"line":143,"column":15}},"117":{"start":{"line":0,"column":0},"end":{"line":144,"column":6}},"118":{"start":{"line":0,"column":0},"end":{"line":147,"column":17}},"119":{"start":{"line":0,"column":0},"end":{"line":148,"column":4}},"120":{"start":{"line":0,"column":0},"end":{"line":150,"column":16}},"121":{"start":{"line":0,"column":0},"end":{"line":151,"column":4}},"122":{"start":{"line":0,"column":0},"end":{"line":153,"column":18}},"123":{"start":{"line":154,"column":4},"end":{"line":154,"column":4}},"124":{"start":{"line":154,"column":4},"end":{"line":154,"column":19}},"125":{"start":{"line":155,"column":4},"end":{"line":155,"column":33}},"126":{"start":{"line":156,"column":4},"end":{"line":156,"column":16}},"127":{"start":{"line":158,"column":4},"end":{"line":166,"column":6}},"128":{"start":{"line":159,"column":6},"end":{"line":159,"column":23}},"129":{"start":{"line":160,"column":6},"end":{"line":160,"column":33}},"130":{"start":{"line":162,"column":6},"end":{"line":158,"column":4}},"131":{"start":{"line":165,"column":10},"end":{"line":165,"column":10}},"132":{"start":{"line":166,"column":6},"end":{"line":158,"column":4}},"133":{"start":{"line":0,"column":0},"end":{"line":172,"column":17}},"134":{"start":{"line":173,"column":4},"end":{"line":173,"column":4}},"135":{"start":{"line":173,"column":4},"end":{"line":173,"column":4}},"136":{"start":{"line":0,"column":0},"end":{"line":174,"column":4}},"137":{"start":{"line":0,"column":0},"end":{"line":174,"column":65}},"138":{"start":{"line":0,"column":0},"end":{"line":175,"column":6}},"139":{"start":{"line":172,"column":17},"end":{"line":172,"column":17}}},"branchMap":{"1":{"line":10,"type":"if","locations":[{"start":{"line":10,"column":0},"end":{"line":10,"column":0}},{"start":{"line":10,"column":0},"end":{"line":10,"column":0}}]},"2":{"line":108,"type":"if","locations":[{"start":{"line":108,"column":6},"end":{"line":108,"column":6}},{"start":{"line":108,"column":6},"end":{"line":108,"column":6}}]},"3":{"line":162,"type":"binary-expr","locations":[{"start":{"line":162,"column":13},"end":{"line":162,"column":13}},{"start":{"line":162,"column":36},"end":{"line":162,"column":13}},{"start":{"line":163,"column":11},"end":{"line":163,"column":10}}]}},"l":{"0":1,"10":6,"11":1,"17":0,"25":1,"26":1,"27":1,"34":0,"36":0,"37":0,"38":0,"41":0,"42":0,"44":0,"45":0,"46":0,"49":0,"50":0,"51":0,"54":0,"57":0,"59":0,"78":0,"79":0,"84":0,"85":0,"86":0,"89":0,"91":0,"98":0,"101":0,"103":0,"104":0,"105":0,"106":0,"108":0,"109":0,"110":0,"114":0,"122":0,"125":0,"134":0,"142":0,"143":0,"154":0,"155":0,"156":0,"158":0,"159":0,"160":0,"162":0,"165":0,"166":0,"172":1,"173":0}},
"/home/ten/ruby_project/quick_q/lib/react/src/app/contexts/portal-context.coffee":{"path":"/home/ten/ruby_project/quick_q/lib/react/src/app/contexts/portal-context.coffee","s":{"1":1,"2":1,"3":1,"4":6,"5":6,"6":1,"7":1,"8":1,"9":1,"10":1,"11":1,"12":1,"13":1,"14":1,"15":1,"16":0,"17":1,"18":0,"19":0,"20":0,"21":0,"22":0,"23":0,"24":0,"25":0,"26":0,"27":0,"28":0,"29":0,"30":0,"31":0,"32":0,"33":0,"34":0,"35":0,"36":1,"37":0,"38":1,"39":0,"40":1,"41":0,"42":0,"43":0,"44":0,"45":0,"46":0,"47":0,"48":0,"49":0,"50":1,"51":0,"52":0,"53":0,"54":0,"55":1,"56":0,"57":0,"58":0,"59":0,"60":1},"b":{"1":[6,0]},"f":{"1":1,"2":1,"3":1,"4":1,"5":0,"6":0,"7":0,"8":0,"9":0,"10":0,"11":0,"12":0,"13":0,"14":0,"15":0,"16":0,"17":0,"18":0,"19":0,"20":0,"21":0,"22":0,"23":0,"24":0,"25":0,"26":0,"27":0,"28":0},"fnMap":{"1":{"name":"(anonymous_1)","line":4,"loc":{"start":{"line":4,"column":0},"end":{"line":4,"column":0}}},"2":{"name":"(anonymous_2)","line":4,"loc":{"start":{"line":4,"column":0},"end":{"line":4,"column":0}}},"3":{"name":"ctor","line":4,"loc":{"start":{"line":4,"column":0},"end":{"line":4,"column":0}}},"4":{"name":"(anonymous_4)","line":4,"loc":{"start":{"line":4,"column":23},"end":{"line":4,"column":23}}},"5":{"name":"BlankContext","line":5,"loc":{"start":{"line":5,"column":2},"end":{"line":5,"column":2}}},"6":{"name":"(anonymous_6)","line":8,"loc":{"start":{"line":8,"column":12},"end":{"line":8,"column":12}}},"7":{"name":"(anonymous_7)","line":12,"loc":{"start":{"line":12,"column":8},"end":{"line":12,"column":8}}},"8":{"name":"(anonymous_8)","line":16,"loc":{"start":{"line":16,"column":25},"end":{"line":16,"column":25}}},"9":{"name":"(anonymous_9)","line":16,"loc":{"start":{"line":16,"column":25},"end":{"line":16,"column":25}}},"10":{"name":"(anonymous_10)","line":20,"loc":{"start":{"line":20,"column":25},"end":{"line":20,"column":25}}},"11":{"name":"(anonymous_11)","line":20,"loc":{"start":{"line":20,"column":25},"end":{"line":20,"column":25}}},"12":{"name":"(anonymous_12)","line":21,"loc":{"start":{"line":21,"column":22},"end":{"line":21,"column":22}}},"13":{"name":"(anonymous_13)","line":21,"loc":{"start":{"line":21,"column":22},"end":{"line":21,"column":22}}},"14":{"name":"(anonymous_14)","line":25,"loc":{"start":{"line":25,"column":13},"end":{"line":25,"column":13}}},"15":{"name":"(anonymous_15)","line":29,"loc":{"start":{"line":29,"column":24},"end":{"line":29,"column":24}}},"16":{"name":"(anonymous_16)","line":32,"loc":{"start":{"line":32,"column":12},"end":{"line":32,"column":12}}},"17":{"name":"(anonymous_17)","line":35,"loc":{"start":{"line":35,"column":33},"end":{"line":35,"column":33}}},"18":{"name":"(anonymous_18)","line":36,"loc":{"start":{"line":36,"column":33},"end":{"line":36,"column":33}}},"19":{"name":"(anonymous_19)","line":37,"loc":{"start":{"line":37,"column":31},"end":{"line":37,"column":31}}},"20":{"name":"(anonymous_20)","line":38,"loc":{"start":{"line":38,"column":39},"end":{"line":38,"column":39}}},"21":{"name":"(anonymous_21)","line":40,"loc":{"start":{"line":40,"column":19},"end":{"line":40,"column":19}}},"22":{"name":"(anonymous_22)","line":41,"loc":{"start":{"line":41,"column":51},"end":{"line":41,"column":51}}},"23":{"name":"(anonymous_23)","line":41,"loc":{"start":{"line":41,"column":51},"end":{"line":41,"column":51}}},"24":{"name":"(anonymous_24)","line":42,"loc":{"start":{"line":42,"column":14},"end":{"line":42,"column":14}}},"25":{"name":"(anonymous_25)","line":44,"loc":{"start":{"line":44,"column":22},"end":{"line":44,"column":22}}},"26":{"name":"(anonymous_26)","line":45,"loc":{"start":{"line":45,"column":54},"end":{"line":45,"column":54}}},"27":{"name":"(anonymous_27)","line":45,"loc":{"start":{"line":45,"column":54},"end":{"line":45,"column":54}}},"28":{"name":"(anonymous_28)","line":46,"loc":{"start":{"line":46,"column":14},"end":{"line":46,"column":14}}}},"statementMap":{"1":{"start":{"line":4,"column":0},"end":{"line":4,"column":0}},"2":{"start":{"line":4,"column":0},"end":{"line":4,"column":0}},"3":{"start":{"line":4,"column":0},"end":{"line":4,"column":0}},"4":{"start":{"line":4,"column":0},"end":{"line":4,"column":0}},"5":{"start":{"line":4,"column":0},"end":{"line":4,"column":0}},"6":{"start":{"line":4,"column":0},"end":{"line":4,"column":0}},"7":{"start":{"line":4,"column":0},"end":{"line":4,"column":0}},"8":{"start":{"line":4,"column":0},"end":{"line":4,"column":0}},"9":{"start":{"line":4,"column":0},"end":{"line":4,"column":0}},"10":{"start":{"line":4,"column":0},"end":{"line":4,"column":0}},"11":{"start":{"line":4,"column":0},"end":{"line":4,"column":0}},"12":{"start":{"line":4,"column":0},"end":{"line":4,"column":48}},"13":{"start":{"line":5,"column":2},"end":{"line":5,"column":2}},"14":{"start":{"line":5,"column":2},"end":{"line":5,"column":2}},"15":{"start":{"line":5,"column":2},"end":{"line":5,"column":2}},"16":{"start":{"line":5,"column":2},"end":{"line":5,"column":2}},"17":{"start":{"line":0,"column":0},"end":{"line":5,"column":22}},"18":{"start":{"line":9,"column":6},"end":{"line":9,"column":6}},"19":{"start":{"line":0,"column":0},"end":{"line":9,"column":6}},"20":{"start":{"line":12,"column":8},"end":{"line":12,"column":8}},"21":{"start":{"line":12,"column":16},"end":{"line":12,"column":16}},"22":{"start":{"line":12,"column":16},"end":{"line":12,"column":16}},"23":{"start":{"line":0,"column":0},"end":{"line":12,"column":16}},"24":{"start":{"line":0,"column":0},"end":{"line":12,"column":16}},"25":{"start":{"line":0,"column":0},"end":{"line":13,"column":14}},"26":{"start":{"line":12,"column":16},"end":{"line":12,"column":16}},"27":{"start":{"line":0,"column":0},"end":{"line":16,"column":25}},"28":{"start":{"line":17,"column":10},"end":{"line":17,"column":10}},"29":{"start":{"line":17,"column":10},"end":{"line":17,"column":10}},"30":{"start":{"line":18,"column":10},"end":{"line":18,"column":15}},"31":{"start":{"line":0,"column":0},"end":{"line":19,"column":10}},"32":{"start":{"line":0,"column":0},"end":{"line":20,"column":25}},"33":{"start":{"line":0,"column":0},"end":{"line":20,"column":53}},"34":{"start":{"line":0,"column":0},"end":{"line":21,"column":22}},"35":{"start":{"line":0,"column":0},"end":{"line":21,"column":47}},"36":{"start":{"line":0,"column":0},"end":{"line":25,"column":13}},"37":{"start":{"line":0,"column":0},"end":{"line":27,"column":4}},"38":{"start":{"line":0,"column":0},"end":{"line":29,"column":24}},"39":{"start":{"line":0,"column":0},"end":{"line":30,"column":4}},"40":{"start":{"line":0,"column":0},"end":{"line":32,"column":12}},"41":{"start":{"line":33,"column":4},"end":{"line":33,"column":4}},"42":{"start":{"line":35,"column":4},"end":{"line":35,"column":4}},"43":{"start":{"line":0,"column":0},"end":{"line":35,"column":36}},"44":{"start":{"line":36,"column":4},"end":{"line":36,"column":4}},"45":{"start":{"line":0,"column":0},"end":{"line":36,"column":36}},"46":{"start":{"line":37,"column":4},"end":{"line":37,"column":4}},"47":{"start":{"line":0,"column":0},"end":{"line":37,"column":37}},"48":{"start":{"line":0,"column":0},"end":{"line":38,"column":4}},"49":{"start":{"line":0,"column":0},"end":{"line":38,"column":46}},"50":{"start":{"line":0,"column":0},"end":{"line":40,"column":19}},"51":{"start":{"line":0,"column":0},"end":{"line":41,"column":4}},"52":{"start":{"line":0,"column":0},"end":{"line":41,"column":51}},"53":{"start":{"line":0,"column":0},"end":{"line":42,"column":6}},"54":{"start":{"line":0,"column":0},"end":{"line":42,"column":21}},"55":{"start":{"line":0,"column":0},"end":{"line":44,"column":22}},"56":{"start":{"line":0,"column":0},"end":{"line":45,"column":4}},"57":{"start":{"line":0,"column":0},"end":{"line":45,"column":54}},"58":{"start":{"line":0,"column":0},"end":{"line":46,"column":6}},"59":{"start":{"line":0,"column":0},"end":{"line":46,"column":21}},"60":{"start":{"line":44,"column":22},"end":{"line":44,"column":22}}},"branchMap":{"1":{"line":4,"type":"if","locations":[{"start":{"line":4,"column":0},"end":{"line":4,"column":0}},{"start":{"line":4,"column":0},"end":{"line":4,"column":0}}]}},"l":{"0":1,"4":6,"5":1,"9":0,"12":0,"17":0,"18":0,"33":0,"35":0,"36":0,"37":0,"44":1}},
"/home/ten/ruby_project/quick_q/lib/react/src/app/jsx/jsx.coffee":{"path":"/home/ten/ruby_project/quick_q/lib/react/src/app/jsx/jsx.coffee","s":{"1":1,"2":1,"3":1},"b":{},"f":{"1":1},"fnMap":{"1":{"name":"(anonymous_1)","line":1,"loc":{"start":{"line":1,"column":-15},"end":{"line":1,"column":-15}}}},"statementMap":{"1":{"start":{"line":1,"column":-15},"end":{"line":1,"column":-15}},"2":{"start":{"line":1,"column":-15},"end":{"line":1,"column":-15}},"3":{"start":{"line":1,"column":-15},"end":{"line":0,"column":0}}},"branchMap":{},"l":{"1":1}},
"/home/ten/ruby_project/quick_q/lib/react/src/app/models/api-striker.coffee":{"path":"/home/ten/ruby_project/quick_q/lib/react/src/app/models/api-striker.coffee","s":{"1":1,"2":1,"3":1,"4":1,"5":1,"6":1,"7":0,"8":0,"9":0,"10":0,"11":0,"12":0,"13":0,"14":0,"15":0,"16":0,"17":0,"18":0,"19":1,"20":0,"21":0,"22":0,"23":0,"24":0,"25":0,"26":0,"27":0,"28":1},"b":{"1":[0,0],"2":[0,0,0],"3":[0,0],"4":[0,0]},"f":{"1":1,"2":1,"3":0,"4":0,"5":0,"6":0,"7":0,"8":0,"9":0,"10":0,"11":0},"fnMap":{"1":{"name":"(anonymous_1)","line":5,"loc":{"start":{"line":5,"column":0},"end":{"line":5,"column":0}}},"2":{"name":"(anonymous_2)","line":5,"loc":{"start":{"line":5,"column":23},"end":{"line":5,"column":23}}},"3":{"name":"ApiStriker","line":5,"loc":{"start":{"line":5,"column":0},"end":{"line":5,"column":23}}},"4":{"name":"(anonymous_4)","line":8,"loc":{"start":{"line":8,"column":12},"end":{"line":8,"column":12}}},"5":{"name":"(anonymous_5)","line":12,"loc":{"start":{"line":12,"column":25},"end":{"line":12,"column":25}}},"6":{"name":"(anonymous_6)","line":12,"loc":{"start":{"line":12,"column":25},"end":{"line":12,"column":25}}},"7":{"name":"(anonymous_7)","line":31,"loc":{"start":{"line":31,"column":11},"end":{"line":31,"column":11}}},"8":{"name":"(anonymous_8)","line":31,"loc":{"start":{"line":31,"column":11},"end":{"line":31,"column":11}}},"9":{"name":"(anonymous_9)","line":43,"loc":{"start":{"line":43,"column":25},"end":{"line":43,"column":25}}},"10":{"name":"(anonymous_10)","line":55,"loc":{"start":{"line":55,"column":21},"end":{"line":55,"column":21}}},"11":{"name":"(anonymous_11)","line":55,"loc":{"start":{"line":55,"column":21},"end":{"line":55,"column":21}}}},"statementMap":{"1":{"start":{"line":5,"column":0},"end":{"line":5,"column":0}},"2":{"start":{"line":5,"column":0},"end":{"line":5,"column":0}},"3":{"start":{"line":5,"column":0},"end":{"line":43,"column":25}},"4":{"start":{"line":5,"column":0},"end":{"line":5,"column":23}},"5":{"start":{"line":6,"column":2},"end":{"line":6,"column":13}},"6":{"start":{"line":8,"column":2},"end":{"line":8,"column":12}},"7":{"start":{"line":9,"column":4},"end":{"line":9,"column":4}},"8":{"start":{"line":10,"column":4},"end":{"line":0,"column":0}},"9":{"start":{"line":12,"column":6},"end":{"line":10,"column":4}},"10":{"start":{"line":0,"column":0},"end":{"line":12,"column":25}},"11":{"start":{"line":0,"column":0},"end":{"line":13,"column":8}},"12":{"start":{"line":0,"column":0},"end":{"line":16,"column":4}},"13":{"start":{"line":0,"column":0},"end":{"line":31,"column":11}},"14":{"start":{"line":33,"column":6},"end":{"line":33,"column":6}},"15":{"start":{"line":33,"column":6},"end":{"line":33,"column":15}},"16":{"start":{"line":34,"column":6},"end":{"line":0,"column":0}},"17":{"start":{"line":35,"column":8},"end":{"line":34,"column":6}},"18":{"start":{"line":0,"column":0},"end":{"line":38,"column":6}},"19":{"start":{"line":43,"column":2},"end":{"line":43,"column":25}},"20":{"start":{"line":44,"column":4},"end":{"line":44,"column":4}},"21":{"start":{"line":44,"column":4},"end":{"line":44,"column":13}},"22":{"start":{"line":45,"column":4},"end":{"line":45,"column":15}},"23":{"start":{"line":50,"column":4},"end":{"line":50,"column":12}},"24":{"start":{"line":55,"column":4},"end":{"line":55,"column":4}},"25":{"start":{"line":0,"column":0},"end":{"line":55,"column":21}},"26":{"start":{"line":0,"column":0},"end":{"line":56,"column":29}},"27":{"start":{"line":0,"column":0},"end":{"line":59,"column":4}},"28":{"start":{"line":43,"column":25},"end":{"line":43,"column":25}}},"branchMap":{"1":{"line":10,"type":"if","locations":[{"start":{"line":10,"column":4},"end":{"line":10,"column":4}},{"start":{"line":10,"column":4},"end":{"line":10,"column":4}}]},"2":{"line":10,"type":"binary-expr","locations":[{"start":{"line":10,"column":7},"end":{"line":10,"column":7}},{"start":{"line":10,"column":23},"end":{"line":10,"column":7}},{"start":{"line":10,"column":39},"end":{"line":10,"column":4}}]},"3":{"line":16,"type":"cond-expr","locations":[{"start":{"line":17,"column":6},"end":{"line":16,"column":5}},{"start":{"line":25,"column":6},"end":{"line":16,"column":4}}]},"4":{"line":34,"type":"if","locations":[{"start":{"line":34,"column":6},"end":{"line":34,"column":6}},{"start":{"line":34,"column":6},"end":{"line":34,"column":6}}]}},"l":{"0":0,"5":1,"6":1,"8":1,"9":0,"10":0,"12":0,"33":0,"34":0,"35":0,"43":1,"44":0,"45":0,"50":0,"55":0}},
"/home/ten/ruby_project/quick_q/lib/react/src/app/models/cassette.coffee":{"path":"/home/ten/ruby_project/quick_q/lib/react/src/app/models/cassette.coffee","s":{"1":1,"2":1,"3":1,"4":1,"5":1,"6":1,"7":1,"8":1,"9":1,"10":1},"b":{},"f":{"1":1,"2":1,"3":1,"4":1},"fnMap":{"1":{"name":"(anonymous_1)","line":5,"loc":{"start":{"line":5,"column":0},"end":{"line":5,"column":0}}},"2":{"name":"(anonymous_2)","line":5,"loc":{"start":{"line":5,"column":23},"end":{"line":5,"column":23}}},"3":{"name":"Cassette","line":7,"loc":{"start":{"line":7,"column":15},"end":{"line":7,"column":15}}},"4":{"name":"(anonymous_4)","line":9,"loc":{"start":{"line":9,"column":13},"end":{"line":9,"column":13}}}},"statementMap":{"1":{"start":{"line":5,"column":0},"end":{"line":5,"column":0}},"2":{"start":{"line":5,"column":0},"end":{"line":5,"column":0}},"3":{"start":{"line":5,"column":0},"end":{"line":9,"column":13}},"4":{"start":{"line":6,"column":2},"end":{"line":6,"column":10}},"5":{"start":{"line":7,"column":15},"end":{"line":7,"column":15}},"6":{"start":{"line":7,"column":16},"end":{"line":7,"column":16}},"7":{"start":{"line":7,"column":28},"end":{"line":7,"column":28}},"8":{"start":{"line":0,"column":0},"end":{"line":9,"column":13}},"9":{"start":{"line":0,"column":0},"end":{"line":0,"column":0}},"10":{"start":{"line":9,"column":13},"end":{"line":9,"column":13}}},"branchMap":{},"l":{"0":1,"5":1,"6":1,"7":1,"9":1}},
"/home/ten/ruby_project/quick_q/lib/react/src/app/models/index.coffee":{"path":"/home/ten/ruby_project/quick_q/lib/react/src/app/models/index.coffee","s":{"1":1,"2":1,"3":1,"4":1,"5":1,"6":1,"7":1,"8":1,"9":1,"10":1,"11":1,"12":1,"13":1,"14":1,"15":1,"16":1},"b":{},"f":{"1":1},"fnMap":{"1":{"name":"(anonymous_1)","line":1,"loc":{"start":{"line":1,"column":-15},"end":{"line":1,"column":-15}}}},"statementMap":{"1":{"start":{"line":1,"column":-15},"end":{"line":1,"column":-15}},"2":{"start":{"line":1,"column":-15},"end":{"line":1,"column":-15}},"3":{"start":{"line":1,"column":-15},"end":{"line":1,"column":11}},"4":{"start":{"line":2,"column":0},"end":{"line":2,"column":20}},"5":{"start":{"line":3,"column":0},"end":{"line":3,"column":18}},"6":{"start":{"line":4,"column":0},"end":{"line":4,"column":16}},"7":{"start":{"line":5,"column":0},"end":{"line":5,"column":14}},"8":{"start":{"line":6,"column":0},"end":{"line":6,"column":22}},"9":{"start":{"line":7,"column":0},"end":{"line":7,"column":16}},"10":{"start":{"line":8,"column":0},"end":{"line":8,"column":17}},"11":{"start":{"line":9,"column":0},"end":{"line":9,"column":23}},"12":{"start":{"line":10,"column":0},"end":{"line":10,"column":18}},"13":{"start":{"line":11,"column":0},"end":{"line":11,"column":16}},"14":{"start":{"line":12,"column":0},"end":{"line":12,"column":20}},"15":{"start":{"line":13,"column":0},"end":{"line":13,"column":26}},"16":{"start":{"line":14,"column":0},"end":{"line":14,"column":13}}},"branchMap":{},"l":{"1":1,"2":1,"3":1,"4":1,"5":1,"6":1,"7":1,"8":1,"9":1,"10":1,"11":1,"12":1,"13":1,"14":1}},
"/home/ten/ruby_project/quick_q/lib/react/src/app/models/linker.coffee":{"path":"/home/ten/ruby_project/quick_q/lib/react/src/app/models/linker.coffee","s":{"1":1,"2":1,"3":1,"4":1,"5":202,"6":202,"7":202,"8":202,"9":202,"10":202,"11":202,"12":202,"13":202,"14":202,"15":33,"16":33,"17":202,"18":202,"19":201,"20":201,"21":201,"22":201,"23":33,"24":33,"25":31,"26":2,"27":201,"28":1,"29":202,"30":202,"31":202,"32":208,"33":208,"34":202,"35":1,"36":1,"37":1,"38":1,"39":1,"40":1,"41":1,"42":186,"43":1,"44":1,"45":1,"46":12,"47":1,"48":1,"49":1},"b":{"1":[201,1],"2":[202,202],"3":[31,2],"4":[208,102]},"f":{"1":1,"2":1,"3":202,"4":202,"5":201,"6":202,"7":1,"8":1,"9":1,"10":186,"11":1,"12":12,"13":1},"fnMap":{"1":{"name":"(anonymous_1)","line":12,"loc":{"start":{"line":12,"column":0},"end":{"line":12,"column":0}}},"2":{"name":"(anonymous_2)","line":12,"loc":{"start":{"line":12,"column":23},"end":{"line":12,"column":23}}},"3":{"name":"Linker","line":13,"loc":{"start":{"line":13,"column":15},"end":{"line":13,"column":15}}},"4":{"name":"(anonymous_4)","line":15,"loc":{"start":{"line":15,"column":25},"end":{"line":15,"column":25}}},"5":{"name":"(anonymous_5)","line":19,"loc":{"start":{"line":19,"column":19},"end":{"line":19,"column":19}}},"6":{"name":"(anonymous_6)","line":26,"loc":{"start":{"line":26,"column":23},"end":{"line":26,"column":23}}},"7":{"name":"(anonymous_7)","line":31,"loc":{"start":{"line":31,"column":9},"end":{"line":31,"column":9}}},"8":{"name":"(anonymous_8)","line":34,"loc":{"start":{"line":34,"column":10},"end":{"line":34,"column":10}}},"9":{"name":"(anonymous_9)","line":37,"loc":{"start":{"line":37,"column":12},"end":{"line":37,"column":12}}},"10":{"name":"(anonymous_10)","line":40,"loc":{"start":{"line":40,"column":9},"end":{"line":40,"column":9}}},"11":{"name":"(anonymous_11)","line":43,"loc":{"start":{"line":43,"column":11},"end":{"line":43,"column":11}}},"12":{"name":"(anonymous_12)","line":46,"loc":{"start":{"line":46,"column":10},"end":{"line":46,"column":10}}},"13":{"name":"(anonymous_13)","line":49,"loc":{"start":{"line":49,"column":9},"end":{"line":49,"column":9}}}},"statementMap":{"1":{"start":{"line":12,"column":0},"end":{"line":12,"column":0}},"2":{"start":{"line":12,"column":0},"end":{"line":12,"column":0}},"3":{"start":{"line":12,"column":0},"end":{"line":49,"column":9}},"4":{"start":{"line":13,"column":15},"end":{"line":13,"column":15}},"5":{"start":{"line":14,"column":4},"end":{"line":14,"column":4}},"6":{"start":{"line":13,"column":16},"end":{"line":13,"column":16}},"7":{"start":{"line":13,"column":25},"end":{"line":13,"column":25}},"8":{"start":{"line":13,"column":31},"end":{"line":13,"column":31}},"9":{"start":{"line":14,"column":4},"end":{"line":14,"column":4}},"10":{"start":{"line":15,"column":4},"end":{"line":15,"column":25}},"11":{"start":{"line":15,"column":4},"end":{"line":15,"column":11}},"12":{"start":{"line":15,"column":26},"end":{"line":15,"column":26}},"13":{"start":{"line":15,"column":26},"end":{"line":15,"column":26}},"14":{"start":{"line":0,"column":0},"end":{"line":15,"column":26}},"15":{"start":{"line":0,"column":0},"end":{"line":15,"column":26}},"16":{"start":{"line":0,"column":0},"end":{"line":16,"column":18}},"17":{"start":{"line":15,"column":26},"end":{"line":15,"column":26}},"18":{"start":{"line":18,"column":4},"end":{"line":24,"column":7}},"19":{"start":{"line":18,"column":4},"end":{"line":18,"column":20}},"20":{"start":{"line":19,"column":20},"end":{"line":19,"column":20}},"21":{"start":{"line":19,"column":20},"end":{"line":19,"column":20}},"22":{"start":{"line":0,"column":0},"end":{"line":19,"column":20}},"23":{"start":{"line":0,"column":0},"end":{"line":19,"column":20}},"24":{"start":{"line":20,"column":8},"end":{"line":0,"column":0}},"25":{"start":{"line":0,"column":0},"end":{"line":20,"column":8}},"26":{"start":{"line":0,"column":0},"end":{"line":20,"column":8}},"27":{"start":{"line":19,"column":20},"end":{"line":19,"column":20}},"28":{"start":{"line":0,"column":0},"end":{"line":26,"column":23}},"29":{"start":{"line":27,"column":4},"end":{"line":27,"column":4}},"30":{"start":{"line":27,"column":4},"end":{"line":27,"column":4}},"31":{"start":{"line":0,"column":0},"end":{"line":27,"column":4}},"32":{"start":{"line":28,"column":6},"end":{"line":28,"column":13}},"33":{"start":{"line":0,"column":0},"end":{"line":29,"column":21}},"34":{"start":{"line":27,"column":4},"end":{"line":27,"column":4}},"35":{"start":{"line":0,"column":0},"end":{"line":31,"column":9}},"36":{"start":{"line":0,"column":0},"end":{"line":32,"column":15}},"37":{"start":{"line":0,"column":0},"end":{"line":34,"column":10}},"38":{"start":{"line":0,"column":0},"end":{"line":35,"column":15}},"39":{"start":{"line":37,"column":2},"end":{"line":37,"column":12}},"40":{"start":{"line":0,"column":0},"end":{"line":38,"column":8}},"41":{"start":{"line":40,"column":2},"end":{"line":40,"column":9}},"42":{"start":{"line":0,"column":0},"end":{"line":41,"column":8}},"43":{"start":{"line":43,"column":2},"end":{"line":43,"column":11}},"44":{"start":{"line":0,"column":0},"end":{"line":44,"column":8}},"45":{"start":{"line":46,"column":2},"end":{"line":46,"column":10}},"46":{"start":{"line":0,"column":0},"end":{"line":47,"column":8}},"47":{"start":{"line":49,"column":2},"end":{"line":49,"column":9}},"48":{"start":{"line":0,"column":0},"end":{"line":50,"column":8}},"49":{"start":{"line":49,"column":9},"end":{"line":49,"column":9}}},"branchMap":{"1":{"line":18,"type":"cond-expr","locations":[{"start":{"line":19,"column":6},"end":{"line":18,"column":17}},{"start":{"line":24,"column":6},"end":{"line":24,"column":7}}]},"2":{"line":18,"type":"binary-expr","locations":[{"start":{"line":18,"column":20},"end":{"line":18,"column":20}},{"start":{"line":18,"column":30},"end":{"line":18,"column":17}}]},"3":{"line":20,"type":"if","locations":[{"start":{"line":20,"column":8},"end":{"line":20,"column":8}},{"start":{"line":20,"column":8},"end":{"line":20,"column":8}}]},"4":{"line":28,"type":"binary-expr","locations":[{"start":{"line":28,"column":37},"end":{"line":28,"column":37}},{"start":{"line":28,"column":59},"end":{"line":28,"column":13}}]}},"l":{"0":208,"12":1,"13":202,"14":202,"15":202,"18":202,"19":201,"20":33,"27":202,"28":208,"37":1,"40":1,"43":1,"46":1,"49":1}},
"/home/ten/ruby_project/quick_q/lib/react/src/app/models/mark.coffee":{"path":"/home/ten/ruby_project/quick_q/lib/react/src/app/models/mark.coffee","s":{"1":1,"2":1,"3":1,"4":1,"5":15,"6":15,"7":15,"8":15,"9":15,"10":9,"11":15,"12":20,"13":1,"14":26,"15":1,"16":15,"17":3,"18":12,"19":1,"20":15,"21":14,"22":1,"23":1},"b":{"1":[9,6],"2":[3,12],"3":[14,1]},"f":{"1":1,"2":1,"3":15,"4":9,"5":15,"6":20,"7":26,"8":15,"9":15},"fnMap":{"1":{"name":"(anonymous_1)","line":4,"loc":{"start":{"line":4,"column":0},"end":{"line":4,"column":0}}},"2":{"name":"(anonymous_2)","line":4,"loc":{"start":{"line":4,"column":23},"end":{"line":4,"column":23}}},"3":{"name":"Mark","line":5,"loc":{"start":{"line":5,"column":15},"end":{"line":5,"column":15}}},"4":{"name":"(anonymous_4)","line":11,"loc":{"start":{"line":11,"column":24},"end":{"line":11,"column":24}}},"5":{"name":"(anonymous_5)","line":11,"loc":{"start":{"line":11,"column":24},"end":{"line":11,"column":24}}},"6":{"name":"(anonymous_6)","line":12,"loc":{"start":{"line":12,"column":27},"end":{"line":12,"column":27}}},"7":{"name":"(anonymous_7)","line":20,"loc":{"start":{"line":20,"column":13},"end":{"line":20,"column":13}}},"8":{"name":"(anonymous_8)","line":23,"loc":{"start":{"line":23,"column":14},"end":{"line":23,"column":14}}},"9":{"name":"(anonymous_9)","line":29,"loc":{"start":{"line":29,"column":22},"end":{"line":29,"column":22}}}},"statementMap":{"1":{"start":{"line":4,"column":0},"end":{"line":4,"column":0}},"2":{"start":{"line":4,"column":0},"end":{"line":4,"column":0}},"3":{"start":{"line":4,"column":0},"end":{"line":29,"column":22}},"4":{"start":{"line":5,"column":15},"end":{"line":5,"column":15}},"5":{"start":{"line":5,"column":16},"end":{"line":5,"column":16}},"6":{"start":{"line":5,"column":23},"end":{"line":5,"column":23}},"7":{"start":{"line":6,"column":4},"end":{"line":6,"column":18}},"8":{"start":{"line":7,"column":4},"end":{"line":7,"column":15}},"9":{"start":{"line":9,"column":4},"end":{"line":11,"column":24}},"10":{"start":{"line":0,"column":0},"end":{"line":11,"column":24}},"11":{"start":{"line":0,"column":0},"end":{"line":14,"column":19}},"12":{"start":{"line":0,"column":0},"end":{"line":13,"column":25}},"13":{"start":{"line":0,"column":0},"end":{"line":20,"column":13}},"14":{"start":{"line":0,"column":0},"end":{"line":21,"column":10}},"15":{"start":{"line":23,"column":2},"end":{"line":23,"column":14}},"16":{"start":{"line":24,"column":4},"end":{"line":0,"column":0}},"17":{"start":{"line":0,"column":0},"end":{"line":24,"column":4}},"18":{"start":{"line":0,"column":0},"end":{"line":24,"column":4}},"19":{"start":{"line":29,"column":2},"end":{"line":29,"column":22}},"20":{"start":{"line":30,"column":4},"end":{"line":0,"column":0}},"21":{"start":{"line":0,"column":0},"end":{"line":30,"column":4}},"22":{"start":{"line":0,"column":0},"end":{"line":30,"column":4}},"23":{"start":{"line":29,"column":22},"end":{"line":29,"column":22}}},"branchMap":{"1":{"line":10,"type":"cond-expr","locations":[{"start":{"line":11,"column":8},"end":{"line":10,"column":14}},{"start":{"line":17,"column":8},"end":{"line":9,"column":21}}]},"2":{"line":24,"type":"if","locations":[{"start":{"line":24,"column":4},"end":{"line":24,"column":4}},{"start":{"line":24,"column":4},"end":{"line":24,"column":4}}]},"3":{"line":30,"type":"if","locations":[{"start":{"line":30,"column":4},"end":{"line":30,"column":4}},{"start":{"line":30,"column":4},"end":{"line":30,"column":4}}]}},"l":{"0":26,"4":1,"5":15,"6":15,"7":15,"9":15,"23":1,"24":15,"29":1,"30":15}},
"/home/ten/ruby_project/quick_q/lib/react/src/app/models/next-question.coffee":{"path":"/home/ten/ruby_project/quick_q/lib/react/src/app/models/next-question.coffee","s":{"1":1,"2":1,"3":1,"4":1,"5":23,"6":1,"7":23,"8":1,"9":1},"b":{"1":[1,22],"2":[1,22]},"f":{"1":1,"2":1,"3":23},"fnMap":{"1":{"name":"(anonymous_1)","line":4,"loc":{"start":{"line":4,"column":0},"end":{"line":4,"column":0}}},"2":{"name":"(anonymous_2)","line":4,"loc":{"start":{"line":4,"column":23},"end":{"line":4,"column":23}}},"3":{"name":"NextQuestion","line":5,"loc":{"start":{"line":5,"column":15},"end":{"line":5,"column":15}}}},"statementMap":{"1":{"start":{"line":4,"column":0},"end":{"line":4,"column":0}},"2":{"start":{"line":4,"column":0},"end":{"line":4,"column":0}},"3":{"start":{"line":4,"column":0},"end":{"line":5,"column":15}},"4":{"start":{"line":5,"column":15},"end":{"line":5,"column":15}},"5":{"start":{"line":6,"column":4},"end":{"line":0,"column":0}},"6":{"start":{"line":7,"column":6},"end":{"line":6,"column":4}},"7":{"start":{"line":10,"column":4},"end":{"line":0,"column":0}},"8":{"start":{"line":11,"column":6},"end":{"line":10,"column":4}},"9":{"start":{"line":5,"column":15},"end":{"line":5,"column":15}}},"branchMap":{"1":{"line":6,"type":"if","locations":[{"start":{"line":6,"column":4},"end":{"line":6,"column":4}},{"start":{"line":6,"column":4},"end":{"line":6,"column":4}}]},"2":{"line":10,"type":"if","locations":[{"start":{"line":10,"column":4},"end":{"line":10,"column":4}},{"start":{"line":10,"column":4},"end":{"line":10,"column":4}}]}},"l":{"4":1,"5":1,"6":23,"7":1,"10":23,"11":1}},
"/home/ten/ruby_project/quick_q/lib/react/src/app/models/notice.coffee":{"path":"/home/ten/ruby_project/quick_q/lib/react/src/app/models/notice.coffee","s":{"1":1,"2":1,"3":1,"4":1,"5":9,"6":9,"7":9,"8":1,"9":2,"10":1,"11":2,"12":1,"13":2,"14":1,"15":2,"16":1},"b":{},"f":{"1":1,"2":1,"3":9,"4":2,"5":2,"6":2,"7":2},"fnMap":{"1":{"name":"(anonymous_1)","line":8,"loc":{"start":{"line":8,"column":0},"end":{"line":8,"column":0}}},"2":{"name":"(anonymous_2)","line":8,"loc":{"start":{"line":8,"column":23},"end":{"line":8,"column":23}}},"3":{"name":"Notice","line":9,"loc":{"start":{"line":9,"column":15},"end":{"line":9,"column":15}}},"4":{"name":"(anonymous_4)","line":11,"loc":{"start":{"line":11,"column":19},"end":{"line":11,"column":19}}},"5":{"name":"(anonymous_5)","line":14,"loc":{"start":{"line":14,"column":22},"end":{"line":14,"column":22}}},"6":{"name":"(anonymous_6)","line":17,"loc":{"start":{"line":17,"column":27},"end":{"line":17,"column":27}}},"7":{"name":"(anonymous_7)","line":20,"loc":{"start":{"line":20,"column":21},"end":{"line":20,"column":21}}}},"statementMap":{"1":{"start":{"line":8,"column":0},"end":{"line":8,"column":0}},"2":{"start":{"line":8,"column":0},"end":{"line":8,"column":0}},"3":{"start":{"line":8,"column":0},"end":{"line":20,"column":21}},"4":{"start":{"line":9,"column":15},"end":{"line":9,"column":15}},"5":{"start":{"line":9,"column":16},"end":{"line":9,"column":16}},"6":{"start":{"line":9,"column":23},"end":{"line":9,"column":23}},"7":{"start":{"line":9,"column":31},"end":{"line":9,"column":31}},"8":{"start":{"line":11,"column":2},"end":{"line":11,"column":19}},"9":{"start":{"line":0,"column":0},"end":{"line":12,"column":8}},"10":{"start":{"line":14,"column":2},"end":{"line":14,"column":22}},"11":{"start":{"line":0,"column":0},"end":{"line":15,"column":8}},"12":{"start":{"line":17,"column":2},"end":{"line":17,"column":27}},"13":{"start":{"line":0,"column":0},"end":{"line":18,"column":8}},"14":{"start":{"line":20,"column":2},"end":{"line":20,"column":21}},"15":{"start":{"line":0,"column":0},"end":{"line":21,"column":8}},"16":{"start":{"line":20,"column":21},"end":{"line":20,"column":21}}},"branchMap":{},"l":{"0":2,"8":1,"9":9,"11":1,"14":1,"17":1,"20":1}},
"/home/ten/ruby_project/quick_q/lib/react/src/app/models/premise.coffee":{"path":"/home/ten/ruby_project/quick_q/lib/react/src/app/models/premise.coffee","s":{"1":1,"2":1,"3":1,"4":1,"5":2,"6":2,"7":2,"8":1},"b":{"1":[2,1]},"f":{"1":1,"2":1,"3":2},"fnMap":{"1":{"name":"(anonymous_1)","line":4,"loc":{"start":{"line":4,"column":0},"end":{"line":4,"column":0}}},"2":{"name":"(anonymous_2)","line":4,"loc":{"start":{"line":4,"column":23},"end":{"line":4,"column":23}}},"3":{"name":"Premise","line":5,"loc":{"start":{"line":5,"column":15},"end":{"line":5,"column":15}}}},"statementMap":{"1":{"start":{"line":4,"column":0},"end":{"line":4,"column":0}},"2":{"start":{"line":4,"column":0},"end":{"line":4,"column":0}},"3":{"start":{"line":4,"column":0},"end":{"line":5,"column":15}},"4":{"start":{"line":5,"column":15},"end":{"line":5,"column":15}},"5":{"start":{"line":6,"column":4},"end":{"line":6,"column":14}},"6":{"start":{"line":7,"column":4},"end":{"line":7,"column":24}},"7":{"start":{"line":8,"column":4},"end":{"line":8,"column":16}},"8":{"start":{"line":5,"column":15},"end":{"line":5,"column":15}}},"branchMap":{"1":{"line":7,"type":"binary-expr","locations":[{"start":{"line":7,"column":12},"end":{"line":7,"column":12}},{"start":{"line":7,"column":24},"end":{"line":7,"column":24}}]}},"l":{"4":1,"5":1,"6":2,"7":2,"8":2}},
"/home/ten/ruby_project/quick_q/lib/react/src/app/models/question-state.coffee":{"path":"/home/ten/ruby_project/quick_q/lib/react/src/app/models/question-state.coffee","s":{"1":1,"2":1,"3":1,"4":1,"5":1,"6":1,"7":1,"8":1,"9":1,"10":1},"b":{},"f":{"1":1,"2":1,"3":0},"fnMap":{"1":{"name":"(anonymous_1)","line":4,"loc":{"start":{"line":4,"column":0},"end":{"line":4,"column":0}}},"2":{"name":"(anonymous_2)","line":4,"loc":{"start":{"line":4,"column":23},"end":{"line":4,"column":23}}},"3":{"name":"QuestionState","line":4,"loc":{"start":{"line":4,"column":0},"end":{"line":4,"column":23}}}},"statementMap":{"1":{"start":{"line":4,"column":0},"end":{"line":4,"column":0}},"2":{"start":{"line":4,"column":0},"end":{"line":4,"column":0}},"3":{"start":{"line":4,"column":0},"end":{"line":18,"column":2}},"4":{"start":{"line":4,"column":0},"end":{"line":4,"column":23}},"5":{"start":{"line":6,"column":2},"end":{"line":6,"column":13}},"6":{"start":{"line":9,"column":2},"end":{"line":9,"column":12}},"7":{"start":{"line":12,"column":2},"end":{"line":12,"column":11}},"8":{"start":{"line":15,"column":2},"end":{"line":15,"column":16}},"9":{"start":{"line":18,"column":2},"end":{"line":18,"column":12}},"10":{"start":{"line":18,"column":2},"end":{"line":18,"column":2}}},"branchMap":{},"l":{"4":1,"6":1,"9":1,"12":1,"15":1,"18":1}},
"/home/ten/ruby_project/quick_q/lib/react/src/app/models/question.coffee":{"path":"/home/ten/ruby_project/quick_q/lib/react/src/app/models/question.coffee","s":{"1":1,"2":1,"3":1,"4":1,"5":34,"6":34,"7":34,"8":34,"9":34,"10":55,"11":34,"12":34,"13":34,"14":34,"15":34,"16":34,"17":34,"18":34,"19":34,"20":34,"21":34,"22":2,"23":2,"24":1,"25":1,"26":1,"27":161,"28":1,"29":162,"30":1,"31":81,"32":1,"33":157,"34":1,"35":111,"36":1,"37":183,"38":1,"39":166,"40":1,"41":137,"42":1,"43":48,"44":1,"45":34,"46":8,"47":5,"48":5,"49":5,"50":7,"51":1,"52":3,"53":1,"54":34,"55":8,"56":5,"57":5,"58":5,"59":7,"60":1,"61":3,"62":1},"b":{"1":[34,3],"2":[34,3],"3":[34,9],"4":[13,42],"5":[34,30],"6":[1,33],"7":[1,1],"8":[161,161],"9":[162,162],"10":[8,5,5,5,7,1,3],"11":[8,5,5,5,7,1,3]},"f":{"1":1,"2":1,"3":34,"4":34,"5":55,"6":2,"7":1,"8":161,"9":162,"10":81,"11":157,"12":111,"13":183,"14":166,"15":137,"16":48,"17":34,"18":34},"fnMap":{"1":{"name":"(anonymous_1)","line":4,"loc":{"start":{"line":4,"column":0},"end":{"line":4,"column":0}}},"2":{"name":"(anonymous_2)","line":4,"loc":{"start":{"line":4,"column":23},"end":{"line":4,"column":23}}},"3":{"name":"Question","line":5,"loc":{"start":{"line":5,"column":15},"end":{"line":5,"column":15}}},"4":{"name":"(anonymous_4)","line":9,"loc":{"start":{"line":9,"column":41},"end":{"line":9,"column":41}}},"5":{"name":"(anonymous_5)","line":9,"loc":{"start":{"line":9,"column":41},"end":{"line":9,"column":41}}},"6":{"name":"(anonymous_6)","line":29,"loc":{"start":{"line":29,"column":26},"end":{"line":29,"column":26}}},"7":{"name":"(anonymous_7)","line":34,"loc":{"start":{"line":34,"column":15},"end":{"line":34,"column":15}}},"8":{"name":"(anonymous_8)","line":37,"loc":{"start":{"line":37,"column":13},"end":{"line":37,"column":13}}},"9":{"name":"(anonymous_9)","line":40,"loc":{"start":{"line":40,"column":14},"end":{"line":40,"column":14}}},"10":{"name":"(anonymous_10)","line":43,"loc":{"start":{"line":43,"column":23},"end":{"line":43,"column":23}}},"11":{"name":"(anonymous_11)","line":46,"loc":{"start":{"line":46,"column":18},"end":{"line":46,"column":18}}},"12":{"name":"(anonymous_12)","line":49,"loc":{"start":{"line":49,"column":21},"end":{"line":49,"column":21}}},"13":{"name":"(anonymous_13)","line":52,"loc":{"start":{"line":52,"column":14},"end":{"line":52,"column":14}}},"14":{"name":"(anonymous_14)","line":55,"loc":{"start":{"line":55,"column":13},"end":{"line":55,"column":13}}},"15":{"name":"(anonymous_15)","line":58,"loc":{"start":{"line":58,"column":8},"end":{"line":58,"column":8}}},"16":{"name":"(anonymous_16)","line":61,"loc":{"start":{"line":61,"column":10},"end":{"line":61,"column":10}}},"17":{"name":"(anonymous_17)","line":64,"loc":{"start":{"line":64,"column":22},"end":{"line":64,"column":22}}},"18":{"name":"(anonymous_18)","line":81,"loc":{"start":{"line":81,"column":19},"end":{"line":81,"column":19}}}},"statementMap":{"1":{"start":{"line":4,"column":0},"end":{"line":4,"column":0}},"2":{"start":{"line":4,"column":0},"end":{"line":4,"column":0}},"3":{"start":{"line":4,"column":0},"end":{"line":81,"column":19}},"4":{"start":{"line":5,"column":15},"end":{"line":5,"column":15}},"5":{"start":{"line":6,"column":4},"end":{"line":6,"column":14}},"6":{"start":{"line":7,"column":4},"end":{"line":7,"column":22}},"7":{"start":{"line":8,"column":4},"end":{"line":8,"column":24}},"8":{"start":{"line":9,"column":4},"end":{"line":9,"column":16}},"9":{"start":{"line":0,"column":0},"end":{"line":9,"column":41}},"10":{"start":{"line":0,"column":0},"end":{"line":0,"column":0}},"11":{"start":{"line":17,"column":4},"end":{"line":17,"column":44}},"12":{"start":{"line":18,"column":4},"end":{"line":18,"column":24}},"13":{"start":{"line":19,"column":4},"end":{"line":19,"column":21}},"14":{"start":{"line":20,"column":4},"end":{"line":20,"column":16}},"15":{"start":{"line":21,"column":4},"end":{"line":21,"column":19}},"16":{"start":{"line":22,"column":4},"end":{"line":22,"column":15}},"17":{"start":{"line":23,"column":4},"end":{"line":23,"column":18}},"18":{"start":{"line":24,"column":4},"end":{"line":24,"column":17}},"19":{"start":{"line":25,"column":4},"end":{"line":25,"column":14}},"20":{"start":{"line":26,"column":4},"end":{"line":26,"column":19}},"21":{"start":{"line":28,"column":4},"end":{"line":28,"column":16}},"22":{"start":{"line":30,"column":8},"end":{"line":30,"column":22}},"23":{"start":{"line":0,"column":0},"end":{"line":31,"column":12}},"24":{"start":{"line":0,"column":0},"end":{"line":34,"column":15}},"25":{"start":{"line":0,"column":0},"end":{"line":35,"column":37}},"26":{"start":{"line":0,"column":0},"end":{"line":37,"column":13}},"27":{"start":{"line":0,"column":0},"end":{"line":38,"column":46}},"28":{"start":{"line":0,"column":0},"end":{"line":40,"column":14}},"29":{"start":{"line":0,"column":0},"end":{"line":41,"column":40}},"30":{"start":{"line":0,"column":0},"end":{"line":43,"column":23}},"31":{"start":{"line":0,"column":0},"end":{"line":44,"column":12}},"32":{"start":{"line":0,"column":0},"end":{"line":46,"column":18}},"33":{"start":{"line":0,"column":0},"end":{"line":47,"column":12}},"34":{"start":{"line":0,"column":0},"end":{"line":49,"column":21}},"35":{"start":{"line":0,"column":0},"end":{"line":50,"column":12}},"36":{"start":{"line":0,"column":0},"end":{"line":52,"column":14}},"37":{"start":{"line":0,"column":0},"end":{"line":53,"column":12}},"38":{"start":{"line":0,"column":0},"end":{"line":55,"column":13}},"39":{"start":{"line":0,"column":0},"end":{"line":56,"column":12}},"40":{"start":{"line":0,"column":0},"end":{"line":58,"column":8}},"41":{"start":{"line":0,"column":0},"end":{"line":59,"column":12}},"42":{"start":{"line":61,"column":2},"end":{"line":61,"column":10}},"43":{"start":{"line":0,"column":0},"end":{"line":62,"column":4}},"44":{"start":{"line":64,"column":2},"end":{"line":64,"column":22}},"45":{"start":{"line":65,"column":4},"end":{"line":65,"column":4}},"46":{"start":{"line":0,"column":0},"end":{"line":67,"column":8}},"47":{"start":{"line":0,"column":0},"end":{"line":69,"column":8}},"48":{"start":{"line":0,"column":0},"end":{"line":71,"column":8}},"49":{"start":{"line":0,"column":0},"end":{"line":73,"column":8}},"50":{"start":{"line":0,"column":0},"end":{"line":75,"column":8}},"51":{"start":{"line":0,"column":0},"end":{"line":77,"column":8}},"52":{"start":{"line":0,"column":0},"end":{"line":79,"column":8}},"53":{"start":{"line":81,"column":2},"end":{"line":81,"column":19}},"54":{"start":{"line":82,"column":4},"end":{"line":82,"column":4}},"55":{"start":{"line":0,"column":0},"end":{"line":84,"column":8}},"56":{"start":{"line":0,"column":0},"end":{"line":86,"column":8}},"57":{"start":{"line":0,"column":0},"end":{"line":88,"column":8}},"58":{"start":{"line":0,"column":0},"end":{"line":90,"column":8}},"59":{"start":{"line":0,"column":0},"end":{"line":92,"column":8}},"60":{"start":{"line":0,"column":0},"end":{"line":94,"column":8}},"61":{"start":{"line":0,"column":0},"end":{"line":96,"column":8}},"62":{"start":{"line":81,"column":19},"end":{"line":81,"column":19}}},"branchMap":{"1":{"line":7,"type":"binary-expr","locations":[{"start":{"line":7,"column":11},"end":{"line":7,"column":11}},{"start":{"line":7,"column":22},"end":{"line":7,"column":22}}]},"2":{"line":8,"type":"binary-expr","locations":[{"start":{"line":8,"column":12},"end":{"line":8,"column":12}},{"start":{"line":8,"column":24},"end":{"line":8,"column":24}}]},"3":{"line":9,"type":"binary-expr","locations":[{"start":{"line":9,"column":22},"end":{"line":9,"column":22}},{"start":{"line":9,"column":37},"end":{"line":9,"column":16}}]},"4":{"line":11,"type":"cond-expr","locations":[{"start":{"line":12,"column":8},"end":{"line":11,"column":14}},{"start":{"line":14,"column":8},"end":{"line":10,"column":6}}]},"5":{"line":17,"type":"binary-expr","locations":[{"start":{"line":17,"column":21},"end":{"line":17,"column":21}},{"start":{"line":17,"column":43},"end":{"line":17,"column":44}}]},"6":{"line":28,"type":"cond-expr","locations":[{"start":{"line":29,"column":6},"end":{"line":28,"column":16}},{"start":{"line":28,"column":16},"end":{"line":28,"column":16}}]},"7":{"line":35,"type":"binary-expr","locations":[{"start":{"line":35,"column":4},"end":{"line":35,"column":4}},{"start":{"line":35,"column":17},"end":{"line":35,"column":37}}]},"8":{"line":38,"type":"binary-expr","locations":[{"start":{"line":38,"column":4},"end":{"line":38,"column":4}},{"start":{"line":38,"column":29},"end":{"line":38,"column":46}}]},"9":{"line":41,"type":"binary-expr","locations":[{"start":{"line":41,"column":4},"end":{"line":41,"column":4}},{"start":{"line":41,"column":26},"end":{"line":41,"column":40}}]},"10":{"line":65,"type":"switch","locations":[{"start":{"line":65,"column":4},"end":{"line":67,"column":8}},{"start":{"line":65,"column":4},"end":{"line":69,"column":8}},{"start":{"line":65,"column":4},"end":{"line":71,"column":8}},{"start":{"line":65,"column":4},"end":{"line":73,"column":8}},{"start":{"line":65,"column":4},"end":{"line":75,"column":8}},{"start":{"line":65,"column":4},"end":{"line":77,"column":8}},{"start":{"line":65,"column":4},"end":{"line":79,"column":8}}]},"11":{"line":82,"type":"switch","locations":[{"start":{"line":82,"column":4},"end":{"line":84,"column":8}},{"start":{"line":82,"column":4},"end":{"line":86,"column":8}},{"start":{"line":82,"column":4},"end":{"line":88,"column":8}},{"start":{"line":82,"column":4},"end":{"line":90,"column":8}},{"start":{"line":82,"column":4},"end":{"line":92,"column":8}},{"start":{"line":82,"column":4},"end":{"line":94,"column":8}},{"start":{"line":82,"column":4},"end":{"line":96,"column":8}}]}},"l":{"0":183,"4":1,"5":1,"6":34,"7":34,"8":34,"9":34,"17":34,"18":34,"19":34,"20":34,"21":34,"22":34,"23":34,"24":34,"25":34,"26":34,"28":34,"30":2,"61":1,"64":1,"65":34,"81":1,"82":34}},
[...]
"line":194,"column":18},"end":{"line":194,"column":18}}},"62":{"name":"(anonymous_62)","line":195,"loc":{"start":{"line":195,"column":12},"end":{"line":195,"column":12}}},"63":{"name":"(anonymous_63)","line":197,"loc":{"start":{"line":197,"column":91},"end":{"line":197,"column":91}}},"64":{"name":"(anonymous_64)","line":198,"loc":{"start":{"line":198,"column":20},"end":{"line":198,"column":20}}},"65":{"name":"(anonymous_65)","line":201,"loc":{"start":{"line":201,"column":12},"end":{"line":201,"column":12}}},"66":{"name":"(anonymous_66)","line":202,"loc":{"start":{"line":202,"column":71},"end":{"line":202,"column":71}}},"67":{"name":"(anonymous_67)","line":203,"loc":{"start":{"line":203,"column":18},"end":{"line":203,"column":18}}},"68":{"name":"(anonymous_68)","line":204,"loc":{"start":{"line":204,"column":39},"end":{"line":204,"column":39}}},"69":{"name":"(anonymous_69)","line":204,"loc":{"start":{"line":204,"column":39},"end":{"line":204,"column":39}}},"70":{"name":"(anonymous_70)","line":208,"loc":{"start":{"line":208,"column":12},"end":{"line":208,"column":12}}},"71":{"name":"(anonymous_71)","line":209,"loc":{"start":{"line":209,"column":89},"end":{"line":209,"column":89}}},"72":{"name":"(anonymous_72)","line":210,"loc":{"start":{"line":210,"column":18},"end":{"line":210,"column":18}}},"73":{"name":"(anonymous_73)","line":213,"loc":{"start":{"line":213,"column":12},"end":{"line":213,"column":12}}},"74":{"name":"(anonymous_74)","line":215,"loc":{"start":{"line":215,"column":93},"end":{"line":215,"column":93}}},"75":{"name":"(anonymous_75)","line":216,"loc":{"start":{"line":216,"column":20},"end":{"line":216,"column":20}}}},"statementMap":{"1":{"start":{"line":3,"column":0},"end":{"line":3,"column":0}},"2":{"start":{"line":3,"column":0},"end":{"line":3,"column":0}},"3":{"start":{"line":3,"column":0},"end":{"line":3,"column":0}},"4":{"start":{"line":3,"column":0},"end":{"line":3,"column":0}},"5":{"start":{"line":3,"column":0},"end":{"line":3,"column":0}},"6":{"start":{"line":3,"column":0},"end":{"line":3,"column":0}},"7":{"start":{"line":3,"column":0},"end":{"line":3,"column":0}},"8":{"start":{"line":3,"column":0},"end":{"line":3,"column":0}},"9":{"start":{"line":3,"column":0},"end":{"line":3,"column":0}},"10":{"start":{"line":3,"column":0},"end":{"line":3,"column":0}},"11":{"start":{"line":3,"column":0},"end":{"line":3,"column":0}},"12":{"start":{"line":3,"column":0},"end":{"line":3,"column":51}},"13":{"start":{"line":3,"column":0},"end":{"line":3,"column":23}},"14":{"start":{"line":3,"column":0},"end":{"line":3,"column":0}},"15":{"start":{"line":3,"column":0},"end":{"line":3,"column":23}},"16":{"start":{"line":0,"column":0},"end":{"line":4,"column":13}},"17":{"start":{"line":0,"column":0},"end":{"line":8,"column":6}},"18":{"start":{"line":11,"column":6},"end":{"line":0,"column":0}},"19":{"start":{"line":11,"column":6},"end":{"line":11,"column":6}},"20":{"start":{"line":0,"column":0},"end":{"line":12,"column":6}},"21":{"start":{"line":0,"column":0},"end":{"line":26,"column":16}},"22":{"start":{"line":0,"column":0},"end":{"line":27,"column":10}},"23":{"start":{"line":0,"column":0},"end":{"line":28,"column":25}},"24":{"start":{"line":29,"column":10},"end":{"line":29,"column":10}},"25":{"start":{"line":29,"column":10},"end":{"line":29,"column":10}},"26":{"start":{"line":30,"column":10},"end":{"line":30,"column":15}},"27":{"start":{"line":0,"column":0},"end":{"line":31,"column":10}},"28":{"start":{"line":0,"column":0},"end":{"line":32,"column":16}},"29":{"start":{"line":33,"column":10},"end":{"line":33,"column":10}},"30":{"start":{"line":33,"column":10},"end":{"line":33,"column":66}},"31":{"start":{"line":34,"column":10},"end":{"line":0,"column":0}},"32":{"start":{"line":0,"column":0},"end":{"line":34,"column":10}},"33":{"start":{"line":36,"column":15},"end":{"line":0,"column":0}},"34":{"start":{"line":0,"column":0},"end":{"line":36,"column":15}},"35":{"start":{"line":0,"column":0},"end":{"line":36,"column":15}},"36":{"start":{"line":0,"column":0},"end":{"line":40,"column":22}},"37":{"start":{"line":41,"column":10},"end":{"line":41,"column":10}},"38":{"start":{"line":41,"column":10},"end":{"line":41,"column":10}},"39":{"start":{"line":42,"column":10},"end":{"line":42,"column":66}},"40":{"start":{"line":43,"column":10},"end":{"line":43,"column":10}},"41":{"start":{"line":44,"column":10},"end":{"line":44,"column":15}},"42":{"start":{"line":0,"column":0},"end":{"line":45,"column":10}},"43":{"start":{"line":0,"column":0},"end":{"line":47,"column":19}},"44":{"start":{"line":48,"column":10},"end":{"line":0,"column":0}},"45":{"start":{"line":0,"column":0},"end":{"line":48,"column":10}},"46":{"start":{"line":0,"column":0},"end":{"line":48,"column":10}},"47":{"start":{"line":0,"column":0},"end":{"line":52,"column":20}},"48":{"start":{"line":53,"column":10},"end":{"line":0,"column":0}},"49":{"start":{"line":0,"column":0},"end":{"line":53,"column":10}},"50":{"start":{"line":0,"column":0},"end":{"line":53,"column":10}},"51":{"start":{"line":60,"column":6},"end":{"line":0,"column":0}},"52":{"start":{"line":61,"column":8},"end":{"line":61,"column":8}},"53":{"start":{"line":0,"column":0},"end":{"line":60,"column":6}},"54":{"start":{"line":0,"column":0},"end":{"line":65,"column":24}},"55":{"start":{"line":68,"column":6},"end":{"line":68,"column":6}},"56":{"start":{"line":0,"column":0},"end":{"line":69,"column":6}},"57":{"start":{"line":72,"column":6},"end":{"line":72,"column":6}},"58":{"start":{"line":0,"column":0},"end":{"line":73,"column":6}},"59":{"start":{"line":0,"column":0},"end":{"line":76,"column":25}},"60":{"start":{"line":0,"column":0},"end":{"line":79,"column":51}},"61":{"start":{"line":82,"column":6},"end":{"line":82,"column":6}},"62":{"start":{"line":82,"column":6},"end":{"line":82,"column":17}},"63":{"start":{"line":83,"column":6},"end":{"line":83,"column":6}},"64":{"start":{"line":0,"column":0},"end":{"line":85,"column":19}},"65":{"start":{"line":0,"column":0},"end":{"line":87,"column":19}},"66":{"start":{"line":0,"column":0},"end":{"line":89,"column":19}},"67":{"start":{"line":0,"column":0},"end":{"line":91,"column":19}},"68":{"start":{"line":0,"column":0},"end":{"line":93,"column":19}},"69":{"start":{"line":0,"column":0},"end":{"line":95,"column":19}},"70":{"start":{"line":0,"column":0},"end":{"line":98,"column":13}},"71":{"start":{"line":99,"column":4},"end":{"line":99,"column":4}},"72":{"start":{"line":0,"column":0},"end":{"line":108,"column":4}},"73":{"start":{"line":0,"column":0},"end":{"line":110,"column":24}},"74":{"start":{"line":0,"column":0},"end":{"line":111,"column":4}},"75":{"start":{"line":0,"column":0},"end":{"line":113,"column":16}},"76":{"start":{"line":0,"column":0},"end":{"line":114,"column":82}},"77":{"start":{"line":0,"column":0},"end":{"line":116,"column":17}},"78":{"start":{"line":0,"column":0},"end":{"line":117,"column":38}},"79":{"start":{"line":0,"column":0},"end":{"line":119,"column":13}},"80":{"start":{"line":0,"column":0},"end":{"line":120,"column":4}},"81":{"start":{"line":0,"column":0},"end":{"line":122,"column":23}},"82":{"start":{"line":0,"column":0},"end":{"line":123,"column":4}},"83":{"start":{"line":0,"column":0},"end":{"line":125,"column":23}},"84":{"start":{"line":126,"column":4},"end":{"line":126,"column":4}},"85":{"start":{"line":126,"column":4},"end":{"line":0,"column":0}},"86":{"start":{"line":127,"column":6},"end":{"line":127,"column":15}},"87":{"start":{"line":128,"column":6},"end":{"line":128,"column":6}},"88":{"start":{"line":0,"column":0},"end":{"line":128,"column":62}},"89":{"start":{"line":129,"column":8},"end":{"line":129,"column":8}},"90":{"start":{"line":129,"column":9},"end":{"line":129,"column":12}},"91":{"start":{"line":130,"column":8},"end":{"line":0,"column":0}},"92":{"start":{"line":0,"column":0},"end":{"line":130,"column":8}},"93":{"start":{"line":0,"column":0},"end":{"line":126,"column":4}},"94":{"start":{"line":0,"column":0},"end":{"line":126,"column":4}},"95":{"start":{"line":0,"column":0},"end":{"line":137,"column":25}},"96":{"start":{"line":138,"column":4},"end":{"line":0,"column":0}},"97":{"start":{"line":0,"column":0},"end":{"line":138,"column":4}},"98":{"start":{"line":0,"column":0},"end":{"line":138,"column":4}},"99":{"start":{"line":0,"column":0},"end":{"line":143,"column":12}},"100":{"start":{"line":144,"column":4},"end":{"line":144,"column":4}},"101":{"start":{"line":145,"column":4},"end":{"line":145,"column":4}},"102":{"start":{"line":0,"column":0},"end":{"line":145,"column":36}},"103":{"start":{"line":146,"column":4},"end":{"line":146,"column":4}},"104":{"start":{"line":0,"column":0},"end":{"line":146,"column":43}},"105":{"start":{"line":147,"column":4},"end":{"line":147,"column":4}},"106":{"start":{"line":148,"column":6},"end":{"line":148,"column":6}},"107":{"start":{"line":148,"column":6},"end":{"line":148,"column":6}},"108":{"start":{"line":0,"column":0},"end":{"line":149,"column":6}},"109":{"start":{"line":0,"column":0},"end":{"line":149,"column":14}},"110":{"start":{"line":151,"column":8},"end":{"line":0,"column":0}},"111":{"start":{"line":151,"column":8},"end":{"line":0,"column":0}},"112":{"start":{"line":152,"column":10},"end":{"line":152,"column":23}},"113":{"start":{"line":153,"column":10},"end":{"line":151,"column":8}},"114":{"start":{"line":155,"column":10},"end":{"line":151,"column":8}},"115":{"start":{"line":0,"column":0},"end":{"line":156,"column":8}},"116":{"start":{"line":0,"column":0},"end":{"line":157,"column":12}},"117":{"start":{"line":158,"column":8},"end":{"line":0,"column":0}},"118":{"start":{"line":0,"column":0},"end":{"line":158,"column":8}},"119":{"start":{"line":0,"column":0},"end":{"line":159,"column":25}},"120":{"start":{"line":0,"column":0},"end":{"line":158,"column":8}},"121":{"start":{"line":0,"column":0},"end":{"line":161,"column":25}},"122":{"start":{"line":163,"column":4},"end":{"line":163,"column":4}},"123":{"start":{"line":164,"column":6},"end":{"line":164,"column":6}},"124":{"start":{"line":164,"column":6},"end":{"line":164,"column":6}},"125":{"start":{"line":166,"column":6},"end":{"line":166,"column":6}},"126":{"start":{"line":0,"column":0},"end":{"line":166,"column":21}},"127":{"start":{"line":0,"column":0},"end":{"line":167,"column":6}},"128":{"start":{"line":0,"column":0},"end":{"line":167,"column":103}},"129":{"start":{"line":168,"column":8},"end":{"line":168,"column":8}},"130":{"start":{"line":168,"column":8},"end":{"line":0,"column":0}},"131":{"start":{"line":169,"column":10},"end":{"line":169,"column":21}},"132":{"start":{"line":170,"column":12},"end":{"line":170,"column":12}},"133":{"start":{"line":170,"column":12},"end":{"line":170,"column":22}},"134":{"start":{"line":171,"column":12},"end":{"line":171,"column":37}},"135":{"start":{"line":0,"column":0},"end":{"line":172,"column":16}},"136":{"start":{"line":0,"column":0},"end":{"line":168,"column":8}},"137":{"start":{"line":175,"column":12},"end":{"line":175,"column":23}},"138":{"start":{"line":176,"column":12},"end":{"line":176,"column":40}},"139":{"start":{"line":0,"column":0},"end":{"line":177,"column":12}},"140":{"start":{"line":0,"column":0},"end":{"line":168,"column":8}},"141":{"start":{"line":0,"column":0},"end":{"line":179,"column":25}},"142":{"start":{"line":183,"column":4},"end":{"line":183,"column":4}},"143":{"start":{"line":0,"column":0},"end":{"line":183,"column":46}},"144":{"start":{"line":0,"column":0},"end":{"line":184,"column":4}},"145":{"start":{"line":0,"column":0},"end":{"line":184,"column":29}},"146":{"start":{"line":0,"column":0},"end":{"line":186,"column":23}},"147":{"start":{"line":0,"column":0},"end":{"line":187,"column":4}},"148":{"start":{"line":0,"column":0},"end":{"line":187,"column":63}},"149":{"start":{"line":0,"column":0},"end":{"line":188,"column":6}},"150":{"start":{"line":0,"column":0},"end":{"line":188,"column":21}},"151":{"start":{"line":193,"column":8},"end":{"line":0,"column":0}},"152":{"start":{"line":0,"column":0},"end":{"line":193,"column":8}},"153":{"start":{"line":0,"column":0},"end":{"line":194,"column":25}},"154":{"start":{"line":196,"column":8},"end":{"line":0,"column":0}},"155":{"start":{"line":0,"column":0},"end":{"line":196,"column":8}},"156":{"start":{"line":0,"column":0},"end":{"line":198,"column":12}},"157":{"start":{"line":199,"column":14},"end":{"line":199,"column":30}},"158":{"start":{"line":0,"column":0},"end":{"line":200,"column":14}},"159":{"start":{"line":0,"column":0},"end":{"line":202,"column":8}},"160":{"start":{"line":0,"column":0},"end":{"line":203,"column":10}},"161":{"start":{"line":204,"column":12},"end":{"line":204,"column":22}},"162":{"start":{"line":0,"column":0},"end":{"line":204,"column":39}},"163":{"start":{"line":0,"column":0},"end":{"line":205,"column":18}},"164":{"start":{"line":0,"column":0},"end":{"line":207,"column":12}},"165":{"start":{"line":0,"column":0},"end":{"line":209,"column":8}},"166":{"start":{"line":0,"column":0},"end":{"line":210,"column":10}},"167":{"start":{"line":211,"column":12},"end":{"line":211,"column":34}},"168":{"start":{"line":0,"column":0},"end":{"line":212,"column":12}},"169":{"start":{"line":214,"column":8},"end":{"line":0,"column":0}},"170":{"start":{"line":0,"column":0},"end":{"line":214,"column":8}},"171":{"start":{"line":0,"column":0},"end":{"line":216,"column":12}},"172":{"start":{"line":217,"column":14},"end":{"line":217,"column":33}},"173":{"start":{"line":0,"column":0},"end":{"line":218,"column":14}},"174":{"start":{"line":186,"column":23},"end":{"line":186,"column":23}}},"branchMap":{"1":{"line":3,"type":"if","locations":[{"start":{"line":3,"column":0},"end":{"line":3,"column":0}},{"start":{"line":3,"column":0},"end":{"line":3,"column":0}}]},"2":{"line":11,"type":"if","locations":[{"start":{"line":11,"column":6},"end":{"line":11,"column":6}},{"start":{"line":11,"column":6},"end":{"line":11,"column":6}}]},"3":{"line":33,"type":"cond-expr","locations":[{"start":{"line":33,"column":10},"end":{"line":33,"column":66}},{"start":{"line":33,"column":66},"end":{"line":33,"column":66}}]},"4":{"line":34,"type":"if","locations":[{"start":{"line":34,"column":10},"end":{"line":34,"column":10}},{"start":{"line":34,"column":10},"end":{"line":34,"column":10}}]},"5":{"line":36,"type":"if","locations":[{"start":{"line":36,"column":15},"end":{"line":36,"column":15}},{"start":{"line":36,"column":15},"end":{"line":36,"column":15}}]},"6":{"line":42,"type":"cond-expr","locations":[{"start":{"line":42,"column":10},"end":{"line":42,"column":66}},{"start":{"line":42,"column":66},"end":{"line":42,"column":66}}]},"7":{"line":48,"type":"if","locations":[{"start":{"line":48,"column":10},"end":{"line":48,"column":10}},{"start":{"line":48,"column":10},"end":{"line":48,"column":10}}]},"8":{"line":53,"type":"if","locations":[{"start":{"line":53,"column":10},"end":{"line":53,"column":10}},{"start":{"line":53,"column":10},"end":{"line":53,"column":10}}]},"9":{"line":60,"type":"if","locations":[{"start":{"line":60,"column":6},"end":{"line":60,"column":6}},{"start":{"line":60,"column":6},"end":{"line":60,"column":6}}]},"10":{"line":60,"type":"binary-expr","locations":[{"start":{"line":60,"column":9},"end":{"line":60,"column":9}},{"start":{"line":60,"column":29},"end":{"line":60,"column":6}}]},"11":{"line":76,"type":"binary-expr","locations":[{"start":{"line":76,"column":6},"end":{"line":76,"column":6}},{"start":{"line":76,"column":26},"end":{"line":76,"column":26}},{"start":{"line":76,"column":59},"end":{"line":76,"column":25}}]},"12":{"line":79,"type":"binary-expr","locations":[{"start":{"line":79,"column":6},"end":{"line":79,"column":6}},{"start":{"line":79,"column":30},"end":{"line":79,"column":51}}]},"13":{"line":83,"type":"switch","locations":[{"start":{"line":83,"column":6},"end":{"line":85,"column":19}},{"start":{"line":83,"column":6},"end":{"line":87,"column":19}},{"start":{"line":83,"column":6},"end":{"line":89,"column":19}},{"start":{"line":83,"column":6},"end":{"line":91,"column":19}},{"start":{"line":83,"column":6},"end":{"line":93,"column":19}},{"start":{"line":83,"column":6},"end":{"line":95,"column":19}}]},"14":{"line":108,"type":"cond-expr","locations":[{"start":{"line":108,"column":4},"end":{"line":108,"column":60}},{"start":{"line":108,"column":60},"end":{"line":99,"column":4}}]},"15":{"line":108,"type":"cond-expr","locations":[{"start":{"line":108,"column":4},"end":{"line":108,"column":4}},{"start":{"line":108,"column":4},"end":{"line":108,"column":4}}]},"16":{"line":108,"type":"binary-expr","locations":[{"start":{"line":108,"column":4},"end":{"line":108,"column":4}},{"start":{"line":108,"column":4},"end":{"line":108,"column":4}}]},"17":{"line":114,"type":"binary-expr","locations":[{"start":{"line":114,"column":4},"end":{"line":114,"column":4}},{"start":{"line":114,"column":48},"end":{"line":114,"column":82}}]},"18":{"line":126,"type":"if","locations":[{"start":{"line":126,"column":4},"end":{"line":126,"column":4}},{"start":{"line":126,"column":4},"end":{"line":126,"column":4}}]},"19":{"line":130,"type":"if","locations":[{"start":{"line":130,"column":8},"end":{"line":130,"column":8}},{"start":{"line":130,"column":8},"end":{"line":130,"column":8}}]},"20":{"line":130,"type":"binary-expr","locations":[{"start":{"line":130,"column":56},"end":{"line":130,"column":56}},{"start":{"line":130,"column":61},"end":{"line":130,"column":30}}]},"21":{"line":138,"type":"if","locations":[{"start":{"line":138,"column":4},"end":{"line":138,"column":4}},{"start":{"line":138,"column":4},"end":{"line":138,"column":4}}]},"22":{"line":139,"type":"binary-expr","locations":[{"start":{"line":139,"column":6},"end":{"line":139,"column":6}},{"start":{"line":139,"column":27},"end":{"line":139,"column":6}},{"start":{"line":139,"column":50},"end":{"line":139,"column":51}}]},"23":{"line":141,"type":"binary-expr","locations":[{"start":{"line":141,"column":6},"end":{"line":141,"column":6}},{"start":{"line":141,"column":23},"end":{"line":141,"column":23}},{"start":{"line":141,"column":39},"end":{"line":141,"column":22}}]},"24":{"line":148,"type":"if","locations":[{"start":{"line":148,"column":6},"end":{"line":148,"column":6}},{"start":{"line":148,"column":6},"end":{"line":148,"column":6}}]},"25":{"line":151,"type":"if","locations":[{"start":{"line":151,"column":8},"end":{"line":151,"column":8}},{"start":{"line":151,"column":8},"end":{"line":151,"column":8}}]},"26":{"line":151,"type":"if","locations":[{"start":{"line":151,"column":8},"end":{"line":151,"column":8}},{"start":{"line":151,"column":8},"end":{"line":151,"column":8}}]},"27":{"line":158,"type":"if","locations":[{"start":{"line":158,"column":8},"end":{"line":158,"column":8}},{"start":{"line":158,"column":8},"end":{"line":158,"column":8}}]},"28":{"line":164,"type":"if","locations":[{"start":{"line":164,"column":6},"end":{"line":164,"column":6}},{"start":{"line":164,"column":6},"end":{"line":164,"column":6}}]},"29":{"line":168,"type":"if","locations":[{"start":{"line":168,"column":8},"end":{"line":168,"column":8}},{"start":{"line":168,"column":8},"end":{"line":168,"column":8}}]},"30":{"line":193,"type":"if","locations":[{"start":{"line":193,"column":8},"end":{"line":193,"column":8}},{"start":{"line":193,"column":8},"end":{"line":193,"column":8}}]},"31":{"line":196,"type":"if","locations":[{"start":{"line":196,"column":8},"end":{"line":196,"column":8}},{"start":{"line":196,"column":8},"end":{"line":196,"column":8}}]},"32":{"line":214,"type":"if","locations":[{"start":{"line":214,"column":8},"end":{"line":214,"column":8}},{"start":{"line":214,"column":8},"end":{"line":214,"column":8}}]}},"l":{"0":151,"3":11,"11":140,"29":0,"30":0,"33":0,"34":0,"36":0,"41":0,"42":0,"43":0,"44":0,"48":11,"53":11,"60":139,"61":1,"68":1,"72":0,"82":140,"83":140,"99":22,"126":25,"127":0,"128":0,"129":0,"130":0,"138":25,"144":11,"145":11,"146":11,"147":11,"148":28,"151":25,"152":0,"153":0,"155":25,"158":25,"163":11,"164":11,"166":11,"168":11,"169":0,"170":0,"171":0,"175":0,"176":0,"183":11,"186":1,"193":21,"196":21,"199":0,"204":21,"211":21,"214":21,"217":0}}}
