TN:
SF:/home/ten/ruby_project/quick_q/lib/react/src/app/app.coffee
FN:1,(anonymous_1)
FN:27,(anonymous_2)
FNF:2
FNH:1
FNDA:1,(anonymous_1)
FNDA:0,(anonymous_2)
DA:0,0
DA:1,1
DA:3,1
DA:6,1
DA:7,1
DA:8,1
DA:9,1
DA:11,1
DA:14,1
DA:16,1
DA:17,1
DA:18,1
DA:19,1
DA:20,1
DA:21,1
DA:22,1
DA:25,1
DA:27,1
DA:28,0
LF:19
LH:17
BRDA:1,1,0,0
BRDA:1,1,1,1
BRDA:6,2,0,1
BRDA:6,2,1,0
BRDA:6,3,0,1
BRDA:6,3,1,1
BRDA:8,4,0,1
BRDA:8,4,1,0
BRDA:8,5,0,1
BRDA:8,5,1,1
BRDA:11,6,0,0
BRDA:11,6,1,1
BRF:12
BRH:8
end_of_record
TN:
SF:/home/ten/ruby_project/quick_q/lib/react/src/app/constant.coffee
FN:1,(anonymous_1)
FN:13,(anonymous_2)
FN:16,(anonymous_3)
FN:17,(anonymous_4)
FN:17,(anonymous_5)
FN:18,(anonymous_6)
FN:19,(anonymous_7)
FN:19,(anonymous_8)
FN:20,(anonymous_9)
FN:21,(anonymous_10)
FN:21,(anonymous_11)
FNF:11
FNH:1
FNDA:1,(anonymous_1)
FNDA:0,(anonymous_2)
FNDA:0,(anonymous_3)
FNDA:0,(anonymous_4)
FNDA:0,(anonymous_5)
FNDA:0,(anonymous_6)
FNDA:0,(anonymous_7)
FNDA:0,(anonymous_8)
FNDA:0,(anonymous_9)
FNDA:0,(anonymous_10)
FNDA:0,(anonymous_11)
DA:0,0
DA:1,1
LF:2
LH:1
BRF:0
BRH:0
end_of_record
TN:
SF:/home/ten/ruby_project/quick_q/lib/react/src/app/lang.coffee
FN:1,(anonymous_1)
FNF:1
FNH:1
FNDA:1,(anonymous_1)
DA:1,1
LF:1
LH:1
BRF:0
BRH:0
end_of_record
TN:
SF:/home/ten/ruby_project/quick_q/lib/react/src/app/path.coffee
FN:1,(anonymous_1)
FN:14,(anonymous_2)
FN:15,(anonymous_3)
FNF:3
FNH:1
FNDA:1,(anonymous_1)
FNDA:0,(anonymous_2)
FNDA:0,(anonymous_3)
DA:0,0
DA:1,1
LF:2
LH:1
BRF:0
BRH:0
end_of_record
TN:
SF:/home/ten/ruby_project/quick_q/lib/react/src/app/util.coffee
FN:1,(anonymous_1)
FN:32,(anonymous_2)
FNF:2
FNH:1
FNDA:1,(anonymous_1)
FNDA:0,(anonymous_2)
DA:0,0
DA:1,1
DA:33,0
DA:34,0
DA:35,0
DA:36,0
DA:37,0
DA:41,0
DA:42,0
LF:9
LH:1
BRDA:33,1,0,0
BRDA:33,1,1,0
BRDA:33,1,2,0
BRDA:33,1,3,0
BRDA:33,1,4,0
BRDA:33,1,5,0
BRDA:33,2,0,0
BRDA:33,2,1,0
BRDA:37,3,0,0
BRDA:37,3,1,0
BRF:10
BRH:0
end_of_record
TN:
SF:/home/ten/ruby_project/quick_q/lib/react/src/app/contexts/base-context.coffee
FN:1,(anonymous_1)
FN:1,(anonymous_2)
FN:1,ctor
FN:1,(anonymous_4)
FN:1,BaseContext
FN:2,(anonymous_6)
FN:5,(anonymous_7)
FN:8,(anonymous_8)
FN:11,(anonymous_9)
FN:14,(anonymous_10)
FN:17,(anonymous_11)
FNF:11
FNH:9
FNDA:1,(anonymous_1)
FNDA:1,(anonymous_2)
FNDA:1,ctor
FNDA:1,(anonymous_4)
FNDA:13,BaseContext
FNDA:13,(anonymous_6)
FNDA:13,(anonymous_7)
FNDA:1,(anonymous_8)
FNDA:75,(anonymous_9)
FNDA:0,(anonymous_10)
FNDA:0,(anonymous_11)
DA:0,75
DA:1,13
DA:3,13
DA:5,13
DA:17,1
LF:5
LH:5
BRDA:1,1,0,6
BRDA:1,1,1,0
BRF:2
BRH:1
end_of_record
TN:
SF:/home/ten/ruby_project/quick_q/lib/react/src/app/contexts/blank-context.coffee
FN:4,(anonymous_1)
FN:4,(anonymous_2)
FN:4,ctor
FN:4,(anonymous_4)
FN:4,BlankContext
FN:5,(anonymous_6)
FN:8,(anonymous_7)
FNF:7
FNH:4
FNDA:1,(anonymous_1)
FNDA:1,(anonymous_2)
FNDA:1,ctor
FNDA:1,(anonymous_4)
FNDA:0,BlankContext
FNDA:0,(anonymous_6)
FNDA:0,(anonymous_7)
DA:0,1
DA:4,6
LF:2
LH:2
BRDA:4,1,0,6
BRDA:4,1,1,0
BRF:2
BRH:1
end_of_record
TN:
SF:/home/ten/ruby_project/quick_q/lib/react/src/app/contexts/index.coffee
FN:1,(anonymous_1)
FNF:1
FNH:1
FNDA:1,(anonymous_1)
DA:1,1
DA:2,1
DA:3,1
DA:4,1
DA:5,1
DA:6,1
DA:7,1
DA:8,1
LF:8
LH:8
BRF:0
BRH:0
end_of_record
TN:
SF:/home/ten/ruby_project/quick_q/lib/react/src/app/contexts/main-context.coffee
FN:10,(anonymous_1)
FN:10,(anonymous_2)
FN:10,(anonymous_3)
FN:10,(anonymous_4)
FN:10,ctor
FN:10,(anonymous_6)
FN:11,MainContext
FN:13,(anonymous_8)
FN:16,(anonymous_9)
FN:29,(anonymous_10)
FN:31,(anonymous_11)
FN:33,(anonymous_12)
FN:36,(anonymous_13)
FN:44,(anonymous_14)
FN:44,(anonymous_15)
FN:45,(anonymous_16)
FN:46,(anonymous_17)
FN:49,(anonymous_18)
FN:49,(anonymous_19)
FN:50,(anonymous_20)
FN:50,(anonymous_21)
FN:54,(anonymous_22)
FN:54,(anonymous_23)
FN:55,(anonymous_24)
FN:57,(anonymous_25)
FN:59,(anonymous_26)
FN:62,(anonymous_27)
FN:70,(anonymous_28)
FN:77,(anonymous_29)
FN:82,(anonymous_30)
FN:89,(anonymous_31)
FN:89,(anonymous_32)
FN:91,(anonymous_33)
FN:91,(anonymous_34)
FN:93,(anonymous_35)
FN:93,(anonymous_36)
FN:96,(anonymous_37)
FN:103,(anonymous_38)
FN:104,(anonymous_39)
FN:105,(anonymous_40)
FN:106,(anonymous_41)
FN:107,(anonymous_42)
FN:107,(anonymous_43)
FN:113,(anonymous_44)
FN:116,(anonymous_45)
FN:121,(anonymous_46)
FN:124,(anonymous_47)
FN:130,(anonymous_48)
FN:133,(anonymous_49)
FN:141,(anonymous_50)
FN:147,(anonymous_51)
FN:150,(anonymous_52)
FN:153,(anonymous_53)
FN:172,(anonymous_54)
FN:174,(anonymous_55)
FN:174,(anonymous_56)
FNF:56
FNH:4
FNDA:1,(anonymous_1)
FNDA:0,(anonymous_2)
FNDA:0,(anonymous_3)
FNDA:1,(anonymous_4)
FNDA:1,ctor
FNDA:1,(anonymous_6)
FNDA:0,MainContext
FNDA:0,(anonymous_8)
FNDA:0,(anonymous_9)
FNDA:0,(anonymous_10)
FNDA:0,(anonymous_11)
FNDA:0,(anonymous_12)
FNDA:0,(anonymous_13)
FNDA:0,(anonymous_14)
FNDA:0,(anonymous_15)
FNDA:0,(anonymous_16)
FNDA:0,(anonymous_17)
FNDA:0,(anonymous_18)
FNDA:0,(anonymous_19)
FNDA:0,(anonymous_20)
FNDA:0,(anonymous_21)
FNDA:0,(anonymous_22)
FNDA:0,(anonymous_23)
FNDA:0,(anonymous_24)
FNDA:0,(anonymous_25)
FNDA:0,(anonymous_26)
FNDA:0,(anonymous_27)
FNDA:0,(anonymous_28)
FNDA:0,(anonymous_29)
FNDA:0,(anonymous_30)
FNDA:0,(anonymous_31)
FNDA:0,(anonymous_32)
FNDA:0,(anonymous_33)
FNDA:0,(anonymous_34)
FNDA:0,(anonymous_35)
FNDA:0,(anonymous_36)
FNDA:0,(anonymous_37)
FNDA:0,(anonymous_38)
FNDA:0,(anonymous_39)
FNDA:0,(anonymous_40)
FNDA:0,(anonymous_41)
FNDA:0,(anonymous_42)
FNDA:0,(anonymous_43)
FNDA:0,(anonymous_44)
FNDA:0,(anonymous_45)
FNDA:0,(anonymous_46)
FNDA:0,(anonymous_47)
FNDA:0,(anonymous_48)
FNDA:0,(anonymous_49)
FNDA:0,(anonymous_50)
FNDA:0,(anonymous_51)
FNDA:0,(anonymous_52)
FNDA:0,(anonymous_53)
FNDA:0,(anonymous_54)
FNDA:0,(anonymous_55)
FNDA:0,(anonymous_56)
DA:0,1
DA:10,6
DA:11,1
DA:17,0
DA:25,1
DA:26,1
DA:27,1
DA:34,0
DA:36,0
DA:37,0
DA:38,0
DA:41,0
DA:42,0
DA:44,0
DA:45,0
DA:46,0
DA:49,0
DA:50,0
DA:51,0
DA:54,0
DA:57,0
DA:59,0
DA:78,0
DA:79,0
DA:84,0
DA:85,0
DA:86,0
DA:89,0
DA:91,0
DA:98,0
DA:101,0
DA:103,0
DA:104,0
DA:105,0
DA:106,0
DA:108,0
DA:109,0
DA:110,0
DA:114,0
DA:122,0
DA:125,0
DA:134,0
DA:142,0
DA:143,0
DA:154,0
DA:155,0
DA:156,0
DA:158,0
DA:159,0
DA:160,0
DA:162,0
DA:165,0
DA:166,0
DA:172,1
DA:173,0
LF:55
LH:7
BRDA:10,1,0,6
BRDA:10,1,1,0
BRDA:108,2,0,0
BRDA:108,2,1,0
BRDA:162,3,0,0
BRDA:162,3,1,0
BRDA:162,3,2,0
BRF:7
BRH:1
end_of_record
TN:
SF:/home/ten/ruby_project/quick_q/lib/react/src/app/contexts/portal-context.coffee
FN:4,(anonymous_1)
FN:4,(anonymous_2)
FN:4,ctor
FN:4,(anonymous_4)
FN:5,BlankContext
FN:8,(anonymous_6)
FN:12,(anonymous_7)
FN:16,(anonymous_8)
FN:16,(anonymous_9)
FN:20,(anonymous_10)
FN:20,(anonymous_11)
FN:21,(anonymous_12)
FN:21,(anonymous_13)
FN:25,(anonymous_14)
FN:29,(anonymous_15)
FN:32,(anonymous_16)
FN:35,(anonymous_17)
FN:36,(anonymous_18)
FN:37,(anonymous_19)
FN:38,(anonymous_20)
FN:40,(anonymous_21)
FN:41,(anonymous_22)
FN:41,(anonymous_23)
FN:42,(anonymous_24)
FN:44,(anonymous_25)
FN:45,(anonymous_26)
FN:45,(anonymous_27)
FN:46,(anonymous_28)
FNF:28
FNH:4
FNDA:1,(anonymous_1)
FNDA:1,(anonymous_2)
FNDA:1,ctor
FNDA:1,(anonymous_4)
FNDA:0,BlankContext
FNDA:0,(anonymous_6)
FNDA:0,(anonymous_7)
FNDA:0,(anonymous_8)
FNDA:0,(anonymous_9)
FNDA:0,(anonymous_10)
FNDA:0,(anonymous_11)
FNDA:0,(anonymous_12)
FNDA:0,(anonymous_13)
FNDA:0,(anonymous_14)
FNDA:0,(anonymous_15)
FNDA:0,(anonymous_16)
FNDA:0,(anonymous_17)
FNDA:0,(anonymous_18)
FNDA:0,(anonymous_19)
FNDA:0,(anonymous_20)
FNDA:0,(anonymous_21)
FNDA:0,(anonymous_22)
FNDA:0,(anonymous_23)
FNDA:0,(anonymous_24)
FNDA:0,(anonymous_25)
FNDA:0,(anonymous_26)
FNDA:0,(anonymous_27)
FNDA:0,(anonymous_28)
DA:0,1
DA:4,6
DA:5,1
DA:9,0
DA:12,0
DA:17,0
DA:18,0
DA:33,0
DA:35,0
DA:36,0
DA:37,0
DA:44,1
LF:12
LH:4
BRDA:4,1,0,6
BRDA:4,1,1,0
BRF:2
BRH:1
end_of_record
TN:
SF:/home/ten/ruby_project/quick_q/lib/react/src/app/jsx/jsx.coffee
FN:1,(anonymous_1)
FNF:1
FNH:1
FNDA:1,(anonymous_1)
DA:1,1
LF:1
LH:1
BRF:0
BRH:0
end_of_record
TN:
SF:/home/ten/ruby_project/quick_q/lib/react/src/app/models/api-striker.coffee
FN:5,(anonymous_1)
FN:5,(anonymous_2)
FN:5,ApiStriker
FN:8,(anonymous_4)
FN:12,(anonymous_5)
FN:12,(anonymous_6)
FN:31,(anonymous_7)
FN:31,(anonymous_8)
FN:43,(anonymous_9)
FN:55,(anonymous_10)
FN:55,(anonymous_11)
FNF:11
FNH:2
FNDA:1,(anonymous_1)
FNDA:1,(anonymous_2)
FNDA:0,ApiStriker
FNDA:0,(anonymous_4)
FNDA:0,(anonymous_5)
FNDA:0,(anonymous_6)
FNDA:0,(anonymous_7)
FNDA:0,(anonymous_8)
FNDA:0,(anonymous_9)
FNDA:0,(anonymous_10)
FNDA:0,(anonymous_11)
DA:0,0
DA:5,1
DA:6,1
DA:8,1
DA:9,0
DA:10,0
DA:12,0
DA:33,0
DA:34,0
DA:35,0
DA:43,1
DA:44,0
DA:45,0
DA:50,0
DA:55,0
LF:15
LH:4
BRDA:10,1,0,0
BRDA:10,1,1,0
BRDA:10,2,0,0
BRDA:10,2,1,0
BRDA:10,2,2,0
BRDA:16,3,0,0
BRDA:16,3,1,0
BRDA:34,4,0,0
BRDA:34,4,1,0
BRF:9
BRH:0
end_of_record
TN:
SF:/home/ten/ruby_project/quick_q/lib/react/src/app/models/cassette.coffee
FN:5,(anonymous_1)
FN:5,(anonymous_2)
FN:7,Cassette
FN:9,(anonymous_4)
FNF:4
FNH:4
FNDA:1,(anonymous_1)
FNDA:1,(anonymous_2)
FNDA:1,Cassette
FNDA:1,(anonymous_4)
DA:0,1
DA:5,1
DA:6,1
DA:7,1
DA:9,1
LF:5
LH:5
BRF:0
BRH:0
end_of_record
TN:
SF:/home/ten/ruby_project/quick_q/lib/react/src/app/models/index.coffee
FN:1,(anonymous_1)
FNF:1
FNH:1
FNDA:1,(anonymous_1)
DA:1,1
DA:2,1
DA:3,1
DA:4,1
DA:5,1
DA:6,1
DA:7,1
DA:8,1
DA:9,1
DA:10,1
DA:11,1
DA:12,1
DA:13,1
DA:14,1
LF:14
LH:14
BRF:0
BRH:0
end_of_record
TN:
SF:/home/ten/ruby_project/quick_q/lib/react/src/app/models/linker.coffee
FN:12,(anonymous_1)
FN:12,(anonymous_2)
FN:13,Linker
FN:15,(anonymous_4)
FN:19,(anonymous_5)
FN:26,(anonymous_6)
FN:31,(anonymous_7)
FN:34,(anonymous_8)
FN:37,(anonymous_9)
FN:40,(anonymous_10)
FN:43,(anonymous_11)
FN:46,(anonymous_12)
FN:49,(anonymous_13)
FNF:13
FNH:13
FNDA:1,(anonymous_1)
FNDA:1,(anonymous_2)
FNDA:202,Linker
FNDA:202,(anonymous_4)
FNDA:201,(anonymous_5)
FNDA:202,(anonymous_6)
FNDA:1,(anonymous_7)
FNDA:1,(anonymous_8)
FNDA:1,(anonymous_9)
FNDA:186,(anonymous_10)
FNDA:1,(anonymous_11)
FNDA:12,(anonymous_12)
FNDA:1,(anonymous_13)
DA:0,208
DA:12,1
DA:13,202
DA:14,202
DA:15,202
DA:18,202
DA:19,201
DA:20,33
DA:27,202
DA:28,208
DA:37,1
DA:40,1
DA:43,1
DA:46,1
DA:49,1
LF:15
LH:15
BRDA:18,1,0,201
BRDA:18,1,1,1
BRDA:18,2,0,202
BRDA:18,2,1,202
BRDA:20,3,0,31
BRDA:20,3,1,2
BRDA:28,4,0,208
BRDA:28,4,1,102
BRF:8
BRH:8
end_of_record
TN:
SF:/home/ten/ruby_project/quick_q/lib/react/src/app/models/mark.coffee
FN:4,(anonymous_1)
FN:4,(anonymous_2)
FN:5,Mark
FN:11,(anonymous_4)
FN:11,(anonymous_5)
FN:12,(anonymous_6)
FN:20,(anonymous_7)
FN:23,(anonymous_8)
FN:29,(anonymous_9)
FNF:9
FNH:9
FNDA:1,(anonymous_1)
FNDA:1,(anonymous_2)
FNDA:15,Mark
FNDA:9,(anonymous_4)
FNDA:15,(anonymous_5)
FNDA:20,(anonymous_6)
FNDA:26,(anonymous_7)
FNDA:15,(anonymous_8)
FNDA:15,(anonymous_9)
DA:0,26
DA:4,1
DA:5,15
DA:6,15
DA:7,15
DA:9,15
DA:23,1
DA:24,15
DA:29,1
DA:30,15
LF:10
LH:10
BRDA:10,1,0,9
BRDA:10,1,1,6
BRDA:24,2,0,3
BRDA:24,2,1,12
BRDA:30,3,0,14
BRDA:30,3,1,1
BRF:6
BRH:6
end_of_record
TN:
SF:/home/ten/ruby_project/quick_q/lib/react/src/app/models/next-question.coffee
FN:4,(anonymous_1)
FN:4,(anonymous_2)
FN:5,NextQuestion
FNF:3
FNH:3
FNDA:1,(anonymous_1)
FNDA:1,(anonymous_2)
FNDA:23,NextQuestion
DA:4,1
DA:5,1
DA:6,23
DA:7,1
DA:10,23
DA:11,1
LF:6
LH:6
BRDA:6,1,0,1
BRDA:6,1,1,22
BRDA:10,2,0,1
BRDA:10,2,1,22
BRF:4
BRH:4
end_of_record
TN:
SF:/home/ten/ruby_project/quick_q/lib/react/src/app/models/notice.coffee
FN:8,(anonymous_1)
FN:8,(anonymous_2)
FN:9,Notice
FN:11,(anonymous_4)
FN:14,(anonymous_5)
FN:17,(anonymous_6)
FN:20,(anonymous_7)
FNF:7
FNH:7
FNDA:1,(anonymous_1)
FNDA:1,(anonymous_2)
FNDA:9,Notice
FNDA:2,(anonymous_4)
FNDA:2,(anonymous_5)
FNDA:2,(anonymous_6)
FNDA:2,(anonymous_7)
DA:0,2
DA:8,1
DA:9,9
DA:11,1
DA:14,1
DA:17,1
DA:20,1
LF:7
LH:7
BRF:0
BRH:0
end_of_record
TN:
SF:/home/ten/ruby_project/quick_q/lib/react/src/app/models/premise.coffee
FN:4,(anonymous_1)
FN:4,(anonymous_2)
FN:5,Premise
FNF:3
FNH:3
FNDA:1,(anonymous_1)
FNDA:1,(anonymous_2)
FNDA:2,Premise
DA:4,1
DA:5,1
DA:6,2
DA:7,2
DA:8,2
LF:5
LH:5
BRDA:7,1,0,2
BRDA:7,1,1,1
BRF:2
BRH:2
end_of_record
TN:
SF:/home/ten/ruby_project/quick_q/lib/react/src/app/models/question-state.coffee
FN:4,(anonymous_1)
FN:4,(anonymous_2)
FN:4,QuestionState
FNF:3
FNH:2
FNDA:1,(anonymous_1)
FNDA:1,(anonymous_2)
FNDA:0,QuestionState
DA:4,1
DA:6,1
DA:9,1
DA:12,1
DA:15,1
DA:18,1
LF:6
LH:6
BRF:0
BRH:0
end_of_record
TN:
SF:/home/ten/ruby_project/quick_q/lib/react/src/app/models/question.coffee
FN:4,(anonymous_1)
FN:4,(anonymous_2)
FN:5,Question
FN:9,(anonymous_4)
FN:9,(anonymous_5)
FN:29,(anonymous_6)
FN:34,(anonymous_7)
FN:37,(anonymous_8)
FN:40,(anonymous_9)
FN:43,(anonymous_10)
FN:46,(anonymous_11)
FN:49,(anonymous_12)
FN:52,(anonymous_13)
FN:55,(anonymous_14)
FN:58,(anonymous_15)
FN:61,(anonymous_16)
FN:64,(anonymous_17)
FN:81,(anonymous_18)
FNF:18
FNH:18
FNDA:1,(anonymous_1)
FNDA:1,(anonymous_2)
FNDA:34,Question
FNDA:34,(anonymous_4)
FNDA:55,(anonymous_5)
FNDA:2,(anonymous_6)
FNDA:1,(anonymous_7)
FNDA:161,(anonymous_8)
FNDA:162,(anonymous_9)
FNDA:81,(anonymous_10)
FNDA:157,(anonymous_11)
FNDA:111,(anonymous_12)
FNDA:183,(anonymous_13)
FNDA:166,(anonymous_14)
FNDA:137,(anonymous_15)
FNDA:48,(anonymous_16)
FNDA:34,(anonymous_17)
FNDA:34,(anonymous_18)
DA:0,183
DA:4,1
DA:5,1
DA:6,34
DA:7,34
DA:8,34
DA:9,34
DA:17,34
DA:18,34
DA:19,34
DA:20,34
DA:21,34
DA:22,34
DA:23,34
DA:24,34
DA:25,34
DA:26,34
DA:28,34
DA:30,2
DA:61,1
DA:64,1
DA:65,34
DA:81,1
DA:82,34
LF:24
LH:24
BRDA:7,1,0,34
BRDA:7,1,1,3
BRDA:8,2,0,34
BRDA:8,2,1,3
BRDA:9,3,0,34
BRDA:9,3,1,9
BRDA:11,4,0,13
BRDA:11,4,1,42
BRDA:17,5,0,34
BRDA:17,5,1,30
BRDA:28,6,0,1
BRDA:28,6,1,33
BRDA:35,7,0,1
BRDA:35,7,1,1
BRDA:38,8,0,161
BRDA:38,8,1,161
BRDA:41,9,0,162
BRDA:41,9,1,162
BRDA:65,10,0,8
BRDA:65,10,1,5
BRDA:65,10,2,5
BRDA:65,10,3,5
BRDA:65,10,4,7
BRDA:65,10,5,1
BRDA:65,10,6,3
BRDA:82,11,0,8
BRDA:82,11,1,5
BRDA:82,11,2,5
BRDA:82,11,3,5
BRDA:82,11,4,7
BRDA:82,11,5,1
BRDA:82,11,6,3
BRF:32
BRH:32
end_of_record
TN:
SF:/home/ten/ruby_project/quick_q/lib/react/src/app/models/router.coffee
FN:5,(anonymous_1)
FN:5,(anonymous_2)
FN:6,Router
FN:24,(anonymous_4)
FN:51,(anonymous_5)
FN:75,(anonymous_6)
FN:79,(anonymous_7)
FN:82,(anonymous_8)
FN:88,(anonymous_9)
FN:95,(anonymous_10)
FNF:10
FNH:10
FNDA:1,(anonymous_1)
FNDA:1,(anonymous_2)
FNDA:8,Router
FNDA:10,(anonymous_4)
FNDA:8,(anonymous_5)
FNDA:10,(anonymous_6)
FNDA:15,(anonymous_7)
FNDA:25,(anonymous_8)
FNDA:21,(anonymous_9)
FNDA:23,(anonymous_10)
DA:0,23
DA:5,1
DA:6,1
DA:7,8
DA:8,8
DA:9,8
DA:25,10
DA:27,9
DA:29,9
DA:30,28
DA:31,28
DA:32,15
DA:33,19
DA:34,9
DA:35,9
DA:52,8
DA:55,8
DA:56,26
DA:57,26
DA:58,11
DA:59,15
DA:60,7
DA:61,7
DA:64,8
DA:65,10
DA:66,10
DA:76,10
DA:83,25
DA:84,15
DA:89,21
DA:91,21
DA:95,1
LF:32
LH:32
BRDA:25,1,0,1
BRDA:25,1,1,9
BRDA:31,2,0,9
BRDA:31,2,1,19
BRDA:31,3,0,15
BRDA:31,3,1,4
BRDA:57,4,0,11
BRDA:57,4,1,15
BRDA:59,5,0,7
BRDA:59,5,1,8
BRDA:83,6,0,10
BRDA:83,6,1,15
BRDA:84,7,0,6
BRDA:84,7,1,9
BRDA:91,8,0,9
BRDA:91,8,1,12
BRF:16
BRH:16
end_of_record
TN:
SF:/home/ten/ruby_project/quick_q/lib/react/src/app/models/source-link.coffee
FN:4,(anonymous_1)
FN:4,(anonymous_2)
FN:5,SourceLink
FNF:3
FNH:3
FNDA:1,(anonymous_1)
FNDA:1,(anonymous_2)
FNDA:1,SourceLink
DA:4,1
DA:5,1
DA:6,1
DA:7,1
DA:8,1
LF:5
LH:5
BRF:0
BRH:0
end_of_record
TN:
SF:/home/ten/ruby_project/quick_q/lib/react/src/app/models/tag-selector-state.coffee
FN:4,(anonymous_1)
FN:4,(anonymous_2)
FN:4,TagSelectorState
FNF:3
FNH:2
FNDA:1,(anonymous_1)
FNDA:1,(anonymous_2)
FNDA:0,TagSelectorState
DA:4,1
DA:6,1
DA:9,1
DA:12,1
LF:4
LH:4
BRF:0
BRH:0
end_of_record
TN:
SF:/home/ten/ruby_project/quick_q/lib/react/src/app/models/tag.coffee
FN:4,(anonymous_1)
FN:4,(anonymous_2)
FN:5,Tag
FN:13,(anonymous_4)
FNF:4
FNH:4
FNDA:1,(anonymous_1)
FNDA:1,(anonymous_2)
FNDA:82,Tag
FNDA:2,(anonymous_4)
DA:0,2
DA:4,1
DA:5,1
DA:6,82
DA:7,82
DA:8,82
DA:9,82
DA:10,82
DA:11,82
DA:13,1
LF:10
LH:10
BRF:0
BRH:0
end_of_record
TN:
SF:/home/ten/ruby_project/quick_q/lib/react/src/app/views/fa.coffee
FN:1,(anonymous_1)
FN:2,(anonymous_2)
FNF:2
FNH:2
FNDA:1,(anonymous_1)
FNDA:1279,(anonymous_2)
DA:0,1279
DA:1,1
DA:3,1279
DA:4,1279
DA:5,1279
DA:6,1279
DA:7,1279
DA:8,1279
DA:9,1279
DA:10,1279
DA:11,1279
DA:12,1279
LF:12
LH:12
BRDA:5,1,0,169
BRDA:5,1,1,1110
BRDA:6,2,0,1279
BRDA:6,2,1,0
BRDA:6,3,0,1279
BRDA:6,3,1,0
BRDA:7,4,0,0
BRDA:7,4,1,1279
BRDA:8,5,0,0
BRDA:8,5,1,1279
BRDA:9,6,0,0
BRDA:9,6,1,1279
BRDA:10,7,0,37
BRDA:10,7,1,1242
BRDA:11,8,0,0
BRDA:11,8,1,1279
BRDA:12,9,0,0
BRDA:12,9,1,1279
BRF:18
BRH:11
end_of_record
TN:
SF:/home/ten/ruby_project/quick_q/lib/react/src/app/views/free-text.coffee
FN:1,(anonymous_1)
FN:4,(anonymous_2)
FN:10,(anonymous_3)
FN:10,(anonymous_4)
FN:11,(anonymous_5)
FN:11,(anonymous_6)
FNF:6
FNH:5
FNDA:1,(anonymous_1)
FNDA:26,(anonymous_2)
FNDA:26,(anonymous_3)
FNDA:26,(anonymous_4)
FNDA:26,(anonymous_5)
FNDA:0,(anonymous_6)
DA:0,26
DA:1,1
LF:2
LH:2
BRF:0
BRH:0
end_of_record
TN:
SF:/home/ten/ruby_project/quick_q/lib/react/src/app/views/in-order.coffee
FN:1,(anonymous_1)
FN:4,(anonymous_2)
FN:12,(anonymous_3)
FN:12,(anonymous_4)
FN:13,(anonymous_5)
FN:13,(anonymous_6)
FN:14,(anonymous_7)
FN:14,(anonymous_8)
FN:15,(anonymous_9)
FN:15,(anonymous_10)
FN:19,(anonymous_11)
FN:19,(anonymous_12)
FNF:12
FNH:10
FNDA:1,(anonymous_1)
FNDA:32,(anonymous_2)
FNDA:32,(anonymous_3)
FNDA:0,(anonymous_4)
FNDA:32,(anonymous_5)
FNDA:320,(anonymous_6)
FNDA:32,(anonymous_7)
FNDA:10,(anonymous_8)
FNDA:32,(anonymous_9)
FNDA:0,(anonymous_10)
FNDA:32,(anonymous_11)
FNDA:160,(anonymous_12)
DA:0,320
DA:1,1
DA:5,32
DA:16,0
DA:17,0
DA:20,160
LF:6
LH:4
BRDA:16,1,0,0
BRDA:16,1,1,0
BRDA:16,2,0,0
BRDA:16,2,1,0
BRDA:0,3,0,160
BRDA:0,3,1,84
BRDA:0,4,0,140
BRDA:0,4,1,20
BRDA:0,5,0,76
BRDA:0,5,1,64
BRF:10
BRH:6
end_of_record
TN:
SF:/home/ten/ruby_project/quick_q/lib/react/src/app/views/index.coffee
FN:1,(anonymous_1)
FNF:1
FNH:1
FNDA:1,(anonymous_1)
DA:1,1
DA:2,1
DA:3,1
DA:4,1
DA:5,1
DA:6,1
DA:7,1
DA:8,1
DA:9,1
DA:10,1
DA:11,1
LF:11
LH:11
BRF:0
BRH:0
end_of_record
TN:
SF:/home/ten/ruby_project/quick_q/lib/react/src/app/views/loading.coffee
FN:1,(anonymous_1)
FN:2,(anonymous_2)
FNF:2
FNH:2
FNDA:1,(anonymous_1)
FNDA:26,(anonymous_2)
DA:0,26
DA:1,1
LF:2
LH:2
BRF:0
BRH:0
end_of_record
TN:
SF:/home/ten/ruby_project/quick_q/lib/react/src/app/views/multiple_choices.coffee
FN:1,(anonymous_1)
FN:4,(anonymous_2)
FN:9,(anonymous_3)
FN:9,(anonymous_4)
FN:10,(anonymous_5)
FN:10,(anonymous_6)
FN:11,(anonymous_7)
FN:11,(anonymous_8)
FN:12,(anonymous_9)
FN:12,(anonymous_10)
FN:15,(anonymous_11)
FNF:11
FNH:9
FNDA:1,(anonymous_1)
FNDA:26,(anonymous_2)
FNDA:26,(anonymous_3)
FNDA:78,(anonymous_4)
FNDA:26,(anonymous_5)
FNDA:78,(anonymous_6)
FNDA:26,(anonymous_7)
FNDA:6,(anonymous_8)
FNDA:26,(anonymous_9)
FNDA:0,(anonymous_10)
FNDA:0,(anonymous_11)
DA:0,78
DA:1,1
DA:13,0
DA:14,0
DA:15,0
DA:17,0
LF:6
LH:2
BRDA:13,1,0,0
BRDA:13,1,1,0
BRDA:13,2,0,0
BRDA:13,2,1,0
BRDA:14,3,0,0
BRDA:14,3,1,0
BRF:6
BRH:0
end_of_record
TN:
SF:/home/ten/ruby_project/quick_q/lib/react/src/app/views/multiple_questions.coffee
FN:1,(anonymous_1)
FN:4,(anonymous_2)
FNF:2
FNH:1
FNDA:1,(anonymous_1)
FNDA:0,(anonymous_2)
DA:0,0
DA:1,1
DA:5,0
LF:3
LH:1
BRDA:16,1,0,0
BRDA:16,1,1,0
BRDA:17,2,0,0
BRDA:17,2,1,0
BRF:4
BRH:0
end_of_record
TN:
SF:/home/ten/ruby_project/quick_q/lib/react/src/app/views/ox.coffee
FN:1,(anonymous_1)
FN:4,(anonymous_2)
FN:10,(anonymous_3)
FN:10,(anonymous_4)
FN:11,(anonymous_5)
FN:11,(anonymous_6)
FN:12,(anonymous_7)
FN:12,(anonymous_8)
FN:13,(anonymous_9)
FN:13,(anonymous_10)
FNF:10
FNH:8
FNDA:1,(anonymous_1)
FNDA:26,(anonymous_2)
FNDA:26,(anonymous_3)
FNDA:26,(anonymous_4)
FNDA:26,(anonymous_5)
FNDA:26,(anonymous_6)
FNDA:26,(anonymous_7)
FNDA:0,(anonymous_8)
FNDA:26,(anonymous_9)
FNDA:0,(anonymous_10)
DA:0,26
DA:1,1
DA:10,26
DA:11,26
LF:4
LH:4
BRDA:10,1,0,8
BRDA:10,1,1,18
BRDA:11,2,0,4
BRDA:11,2,1,22
BRF:4
BRH:4
end_of_record
TN:
SF:/home/ten/ruby_project/quick_q/lib/react/src/app/views/paginator.coffee
FN:1,(anonymous_1)
FN:4,(anonymous_2)
FN:7,(anonymous_3)
FN:7,(anonymous_4)
FN:11,(anonymous_5)
FN:12,(anonymous_6)
FN:12,(anonymous_7)
FN:12,(anonymous_8)
FNF:8
FNH:1
FNDA:1,(anonymous_1)
FNDA:0,(anonymous_2)
FNDA:0,(anonymous_3)
FNDA:0,(anonymous_4)
FNDA:0,(anonymous_5)
FNDA:0,(anonymous_6)
FNDA:0,(anonymous_7)
FNDA:0,(anonymous_8)
DA:0,0
DA:1,1
DA:12,0
LF:3
LH:1
BRDA:12,1,0,0
BRDA:12,1,1,0
BRDA:12,2,0,0
BRDA:12,2,1,0
BRF:4
BRH:0
end_of_record
TN:
SF:/home/ten/ruby_project/quick_q/lib/react/src/app/views/single_choice.coffee
FN:1,(anonymous_1)
FN:4,(anonymous_2)
FN:9,(anonymous_3)
FN:9,(anonymous_4)
FN:10,(anonymous_5)
FN:10,(anonymous_6)
FN:11,(anonymous_7)
FN:11,(anonymous_8)
FN:12,(anonymous_9)
FN:12,(anonymous_10)
FNF:10
FNH:9
FNDA:1,(anonymous_1)
FNDA:30,(anonymous_2)
FNDA:30,(anonymous_3)
FNDA:90,(anonymous_4)
FNDA:30,(anonymous_5)
FNDA:9,(anonymous_6)
FNDA:30,(anonymous_7)
FNDA:90,(anonymous_8)
FNDA:30,(anonymous_9)
FNDA:0,(anonymous_10)
DA:0,90
DA:1,1
LF:2
LH:2
BRF:0
BRH:0
end_of_record
TN:
SF:/home/ten/ruby_project/quick_q/lib/react/src/app/views/tag-selector.coffee
FN:1,(anonymous_1)
FN:4,(anonymous_2)
FN:9,(anonymous_3)
FN:9,(anonymous_4)
FN:11,(anonymous_5)
FN:11,(anonymous_6)
FN:13,(anonymous_7)
FN:13,(anonymous_8)
FN:15,(anonymous_9)
FN:15,(anonymous_10)
FN:17,(anonymous_11)
FN:17,(anonymous_12)
FN:19,(anonymous_13)
FN:19,(anonymous_14)
FNF:14
FNH:1
FNDA:1,(anonymous_1)
FNDA:0,(anonymous_2)
FNDA:0,(anonymous_3)
FNDA:0,(anonymous_4)
FNDA:0,(anonymous_5)
FNDA:0,(anonymous_6)
FNDA:0,(anonymous_7)
FNDA:0,(anonymous_8)
FNDA:0,(anonymous_9)
FNDA:0,(anonymous_10)
FNDA:0,(anonymous_11)
FNDA:0,(anonymous_12)
FNDA:0,(anonymous_13)
FNDA:0,(anonymous_14)
DA:0,0
DA:1,1
LF:2
LH:1
BRF:0
BRH:0
end_of_record
TN:
SF:/home/ten/ruby_project/quick_q/lib/react/src/app/contexts/notifier/god-context.coffee
FN:6,(anonymous_1)
FN:6,(anonymous_2)
FN:6,ctor
FN:6,(anonymous_4)
FN:6,GodContext
FN:7,(anonymous_6)
FN:10,(anonymous_7)
FNF:7
FNH:7
FNDA:1,(anonymous_1)
FNDA:1,(anonymous_2)
FNDA:1,ctor
FNDA:1,(anonymous_4)
FNDA:1,GodContext
FNDA:1,(anonymous_6)
FNDA:1,(anonymous_7)
DA:0,1
DA:6,6
LF:2
LH:2
BRDA:6,1,0,6
BRDA:6,1,1,0
BRF:2
BRH:1
end_of_record
TN:
SF:/home/ten/ruby_project/quick_q/lib/react/src/app/contexts/notifier/index.coffee
FN:1,(anonymous_1)
FNF:1
FNH:1
FNDA:1,(anonymous_1)
DA:1,1
DA:2,1
LF:2
LH:2
BRF:0
BRH:0
end_of_record
TN:
SF:/home/ten/ruby_project/quick_q/lib/react/src/app/contexts/menu/global-context.coffee
FN:5,(anonymous_1)
FN:5,(anonymous_2)
FN:5,ctor
FN:5,(anonymous_4)
FN:5,GlobalContext
FN:9,(anonymous_6)
FN:12,(anonymous_7)
FN:12,(anonymous_8)
FN:17,(anonymous_9)
FN:18,(anonymous_10)
FN:20,(anonymous_11)
FN:22,(anonymous_12)
FN:23,(anonymous_13)
FN:24,(anonymous_14)
FNF:14
FNH:14
FNDA:1,(anonymous_1)
FNDA:1,(anonymous_2)
FNDA:1,ctor
FNDA:1,(anonymous_4)
FNDA:1,GlobalContext
FNDA:1,(anonymous_6)
FNDA:1,(anonymous_7)
FNDA:1,(anonymous_8)
FNDA:1,(anonymous_9)
FNDA:2,(anonymous_10)
FNDA:1,(anonymous_11)
FNDA:1,(anonymous_12)
FNDA:1,(anonymous_13)
FNDA:1,(anonymous_14)
DA:0,2
DA:5,6
DA:20,1
DA:21,1
DA:22,1
DA:23,1
LF:6
LH:6
BRDA:5,1,0,6
BRDA:5,1,1,0
BRF:2
BRH:1
end_of_record
TN:
SF:/home/ten/ruby_project/quick_q/lib/react/src/app/contexts/menu/index.coffee
FN:1,(anonymous_1)
FNF:1
FNH:1
FNDA:1,(anonymous_1)
DA:1,1
DA:2,1
LF:2
LH:2
BRF:0
BRH:0
end_of_record
TN:
SF:/home/ten/ruby_project/quick_q/lib/react/src/app/contexts/q/index-context.coffee
FN:3,(anonymous_1)
FN:3,(anonymous_2)
FN:3,(anonymous_3)
FN:3,(anonymous_4)
FN:3,ctor
FN:3,(anonymous_6)
FN:3,IndexContext
FN:4,(anonymous_8)
FN:13,(anonymous_9)
FN:13,(anonymous_10)
FN:16,(anonymous_11)
FN:22,(anonymous_12)
FN:25,(anonymous_13)
FN:30,(anonymous_14)
FN:37,(anonymous_15)
FN:40,(anonymous_16)
FN:40,(anonymous_17)
FN:46,(anonymous_18)
FN:52,(anonymous_19)
FN:55,(anonymous_20)
FN:56,(anonymous_21)
FN:59,(anonymous_22)
FN:60,(anonymous_23)
FN:64,(anonymous_24)
FN:69,(anonymous_25)
FN:72,(anonymous_26)
FN:77,(anonymous_27)
FN:80,(anonymous_28)
FN:83,(anonymous_29)
FN:83,(anonymous_30)
FN:85,(anonymous_31)
FN:89,(anonymous_32)
FN:89,(anonymous_33)
FN:93,(anonymous_34)
FN:95,(anonymous_35)
FN:95,(anonymous_36)
FN:107,(anonymous_37)
FN:107,(anonymous_38)
FN:112,(anonymous_39)
FN:112,(anonymous_40)
FN:114,(anonymous_41)
FN:118,(anonymous_42)
FN:118,(anonymous_43)
FN:120,(anonymous_44)
FN:123,(anonymous_45)
FN:123,(anonymous_46)
FN:124,(anonymous_47)
FN:127,(anonymous_48)
FN:127,(anonymous_49)
FN:128,(anonymous_50)
FN:129,(anonymous_51)
FN:134,(anonymous_52)
FN:135,(anonymous_53)
FN:135,(anonymous_54)
FN:136,(anonymous_55)
FN:141,(anonymous_56)
FN:144,(anonymous_57)
FN:145,(anonymous_58)
FN:145,(anonymous_59)
FN:146,(anonymous_60)
FNF:60
FNH:4
FNDA:1,(anonymous_1)
FNDA:0,(anonymous_2)
FNDA:0,(anonymous_3)
FNDA:1,(anonymous_4)
FNDA:1,ctor
FNDA:1,(anonymous_6)
FNDA:0,IndexContext
FNDA:0,(anonymous_8)
FNDA:0,(anonymous_9)
FNDA:0,(anonymous_10)
FNDA:0,(anonymous_11)
FNDA:0,(anonymous_12)
FNDA:0,(anonymous_13)
FNDA:0,(anonymous_14)
FNDA:0,(anonymous_15)
FNDA:0,(anonymous_16)
FNDA:0,(anonymous_17)
FNDA:0,(anonymous_18)
FNDA:0,(anonymous_19)
FNDA:0,(anonymous_20)
FNDA:0,(anonymous_21)
FNDA:0,(anonymous_22)
FNDA:0,(anonymous_23)
FNDA:0,(anonymous_24)
FNDA:0,(anonymous_25)
FNDA:0,(anonymous_26)
FNDA:0,(anonymous_27)
FNDA:0,(anonymous_28)
FNDA:0,(anonymous_29)
FNDA:0,(anonymous_30)
FNDA:0,(anonymous_31)
FNDA:0,(anonymous_32)
FNDA:0,(anonymous_33)
FNDA:0,(anonymous_34)
FNDA:0,(anonymous_35)
FNDA:0,(anonymous_36)
FNDA:0,(anonymous_37)
FNDA:0,(anonymous_38)
FNDA:0,(anonymous_39)
FNDA:0,(anonymous_40)
FNDA:0,(anonymous_41)
FNDA:0,(anonymous_42)
FNDA:0,(anonymous_43)
FNDA:0,(anonymous_44)
FNDA:0,(anonymous_45)
FNDA:0,(anonymous_46)
FNDA:0,(anonymous_47)
FNDA:0,(anonymous_48)
FNDA:0,(anonymous_49)
FNDA:0,(anonymous_50)
FNDA:0,(anonymous_51)
FNDA:0,(anonymous_52)
FNDA:0,(anonymous_53)
FNDA:0,(anonymous_54)
FNDA:0,(anonymous_55)
FNDA:0,(anonymous_56)
FNDA:0,(anonymous_57)
FNDA:0,(anonymous_58)
FNDA:0,(anonymous_59)
FNDA:0,(anonymous_60)
DA:0,1
DA:3,6
DA:26,0
DA:30,0
DA:37,0
DA:41,0
DA:42,0
DA:47,0
DA:48,0
DA:53,0
DA:55,0
DA:56,0
DA:57,0
DA:58,0
DA:61,0
DA:65,0
DA:66,0
DA:73,0
DA:74,0
DA:81,0
DA:82,0
DA:84,0
DA:86,0
DA:87,0
DA:90,0
DA:94,0
DA:101,0
DA:103,0
DA:105,0
DA:106,0
DA:107,0
DA:108,0
DA:109,0
DA:110,0
DA:113,0
DA:115,0
DA:116,0
DA:119,0
DA:121,0
DA:125,0
DA:130,0
DA:131,0
DA:137,0
DA:138,0
DA:139,0
DA:144,1
DA:147,0
DA:148,0
LF:48
LH:3
BRDA:3,1,0,6
BRDA:3,1,1,0
BRDA:10,2,0,0
BRDA:10,2,1,0
BRDA:47,3,0,0
BRDA:47,3,1,0
BRDA:0,4,0,0
BRDA:0,4,1,0
BRDA:0,5,0,0
BRDA:0,5,1,0
BRDA:0,6,0,0
BRDA:0,6,1,0
BRDA:0,7,0,0
BRDA:0,7,1,0
BRDA:84,8,0,0
BRDA:84,8,1,0
BRDA:94,9,0,0
BRDA:94,9,1,0
BRDA:113,10,0,0
BRDA:113,10,1,0
BRF:20
BRH:1
end_of_record
TN:
SF:/home/ten/ruby_project/quick_q/lib/react/src/app/contexts/q/index.coffee
FN:1,(anonymous_1)
FNF:1
FNH:1
FNDA:1,(anonymous_1)
DA:1,1
DA:2,1
DA:3,1
LF:3
LH:3
BRF:0
BRH:0
end_of_record
TN:
SF:/home/ten/ruby_project/quick_q/lib/react/src/app/contexts/q/question-context.coffee
FN:3,(anonymous_1)
FN:3,(anonymous_2)
FN:3,ctor
FN:3,(anonymous_4)
FN:3,QuestionContext
FN:7,(anonymous_6)
FN:10,(anonymous_7)
FN:26,(anonymous_8)
FN:26,(anonymous_9)
FN:28,(anonymous_10)
FN:28,(anonymous_11)
FN:32,(anonymous_12)
FN:32,(anonymous_13)
FN:40,(anonymous_14)
FN:40,(anonymous_15)
FN:47,(anonymous_16)
FN:47,(anonymous_17)
FN:52,(anonymous_18)
FN:52,(anonymous_19)
FN:59,(anonymous_20)
FN:64,(anonymous_21)
FN:67,(anonymous_22)
FN:71,(anonymous_23)
FN:75,(anonymous_24)
FN:78,(anonymous_25)
FN:81,(anonymous_26)
FN:98,(anonymous_27)
FN:110,(anonymous_28)
FN:113,(anonymous_29)
FN:116,(anonymous_30)
FN:119,(anonymous_31)
FN:122,(anonymous_32)
FN:125,(anonymous_33)
FN:128,(anonymous_34)
FN:128,(anonymous_35)
FN:137,(anonymous_36)
FN:143,(anonymous_37)
FN:145,(anonymous_38)
FN:146,(anonymous_39)
FN:147,(anonymous_40)
FN:149,(anonymous_41)
FN:149,(anonymous_42)
FN:157,(anonymous_43)
FN:157,(anonymous_44)
FN:159,(anonymous_45)
FN:161,(anonymous_46)
FN:163,(anonymous_47)
FN:166,(anonymous_48)
FN:167,(anonymous_49)
FN:167,(anonymous_50)
FN:169,(anonymous_51)
FN:174,(anonymous_52)
FN:179,(anonymous_53)
FN:183,(anonymous_54)
FN:184,(anonymous_55)
FN:186,(anonymous_56)
FN:187,(anonymous_57)
FN:187,(anonymous_58)
FN:188,(anonymous_59)
FN:192,(anonymous_60)
FN:194,(anonymous_61)
FN:195,(anonymous_62)
FN:197,(anonymous_63)
FN:198,(anonymous_64)
FN:201,(anonymous_65)
FN:202,(anonymous_66)
FN:203,(anonymous_67)
FN:204,(anonymous_68)
FN:204,(anonymous_69)
FN:208,(anonymous_70)
FN:209,(anonymous_71)
FN:210,(anonymous_72)
FN:213,(anonymous_73)
FN:215,(anonymous_74)
FN:216,(anonymous_75)
FNF:75
FNH:57
FNDA:1,(anonymous_1)
FNDA:1,(anonymous_2)
FNDA:1,ctor
FNDA:1,(anonymous_4)
FNDA:11,QuestionContext
FNDA:1,(anonymous_6)
FNDA:140,(anonymous_7)
FNDA:140,(anonymous_8)
FNDA:0,(anonymous_9)
FNDA:140,(anonymous_10)
FNDA:0,(anonymous_11)
FNDA:140,(anonymous_12)
FNDA:0,(anonymous_13)
FNDA:140,(anonymous_14)
FNDA:0,(anonymous_15)
FNDA:140,(anonymous_16)
FNDA:11,(anonymous_17)
FNDA:140,(anonymous_18)
FNDA:11,(anonymous_19)
FNDA:139,(anonymous_20)
FNDA:0,(anonymous_21)
FNDA:1,(anonymous_22)
FNDA:0,(anonymous_23)
FNDA:1,(anonymous_24)
FNDA:0,(anonymous_25)
FNDA:140,(anonymous_26)
FNDA:22,(anonymous_27)
FNDA:151,(anonymous_28)
FNDA:56,(anonymous_29)
FNDA:39,(anonymous_30)
FNDA:21,(anonymous_31)
FNDA:61,(anonymous_32)
FNDA:25,(anonymous_33)
FNDA:0,(anonymous_34)
FNDA:0,(anonymous_35)
FNDA:25,(anonymous_36)
FNDA:11,(anonymous_37)
FNDA:11,(anonymous_38)
FNDA:0,(anonymous_39)
FNDA:28,(anonymous_40)
FNDA:25,(anonymous_41)
FNDA:25,(anonymous_42)
FNDA:25,(anonymous_43)
FNDA:25,(anonymous_44)
FNDA:20,(anonymous_45)
FNDA:5,(anonymous_46)
FNDA:11,(anonymous_47)
FNDA:11,(anonymous_48)
FNDA:11,(anonymous_49)
FNDA:11,(anonymous_50)
FNDA:0,(anonymous_51)
FNDA:0,(anonymous_52)
FNDA:11,(anonymous_53)
FNDA:0,(anonymous_54)
FNDA:0,(anonymous_55)
FNDA:22,(anonymous_56)
FNDA:22,(anonymous_57)
FNDA:22,(anonymous_58)
FNDA:22,(anonymous_59)
FNDA:21,(anonymous_60)
FNDA:4,(anonymous_61)
FNDA:21,(anonymous_62)
FNDA:0,(anonymous_63)
FNDA:0,(anonymous_64)
FNDA:21,(anonymous_65)
FNDA:21,(anonymous_66)
FNDA:21,(anonymous_67)
FNDA:21,(anonymous_68)
FNDA:80,(anonymous_69)
FNDA:21,(anonymous_70)
FNDA:21,(anonymous_71)
FNDA:21,(anonymous_72)
FNDA:21,(anonymous_73)
FNDA:0,(anonymous_74)
FNDA:0,(anonymous_75)
DA:0,151
DA:3,11
DA:11,140
DA:29,0
DA:30,0
DA:33,0
DA:34,0
DA:36,0
DA:41,0
DA:42,0
DA:43,0
DA:44,0
DA:48,11
DA:53,11
DA:60,139
DA:61,1
DA:68,1
DA:72,0
DA:82,140
DA:83,140
DA:99,22
DA:126,25
DA:127,0
DA:128,0
DA:129,0
DA:130,0
DA:138,25
DA:144,11
DA:145,11
DA:146,11
DA:147,11
DA:148,28
DA:151,25
DA:152,0
DA:153,0
DA:155,25
DA:158,25
DA:163,11
DA:164,11
DA:166,11
DA:168,11
DA:169,0
DA:170,0
DA:171,0
DA:175,0
DA:176,0
DA:183,11
DA:186,1
DA:193,21
DA:196,21
DA:199,0
DA:204,21
DA:211,21
DA:214,21
DA:217,0
LF:55
LH:32
BRDA:3,1,0,6
BRDA:3,1,1,0
BRDA:11,2,0,0
BRDA:11,2,1,140
BRDA:33,3,0,0
BRDA:33,3,1,0
BRDA:34,4,0,0
BRDA:34,4,1,0
BRDA:36,5,0,0
BRDA:36,5,1,0
BRDA:42,6,0,0
BRDA:42,6,1,0
BRDA:48,7,0,11
BRDA:48,7,1,0
BRDA:53,8,0,11
BRDA:53,8,1,0
BRDA:60,9,0,1
BRDA:60,9,1,138
BRDA:60,10,0,139
BRDA:60,10,1,1
BRDA:76,11,0,1
BRDA:76,11,1,1
BRDA:76,11,2,0
BRDA:79,12,0,0
BRDA:79,12,1,0
BRDA:83,13,0,26
BRDA:83,13,1,26
BRDA:83,13,2,30
BRDA:83,13,3,26
BRDA:83,13,4,32
BRDA:83,13,5,0
BRDA:108,14,0,0
BRDA:108,14,1,22
BRDA:108,15,0,0
BRDA:108,15,1,22
BRDA:108,16,0,22
BRDA:108,16,1,0
BRDA:114,17,0,56
BRDA:114,17,1,31
BRDA:126,18,0,0
BRDA:126,18,1,25
BRDA:130,19,0,0
BRDA:130,19,1,0
BRDA:130,20,0,0
BRDA:130,20,1,0
BRDA:138,21,0,6
BRDA:138,21,1,19
BRDA:139,22,0,6
BRDA:139,22,1,6
BRDA:139,22,2,4
BRDA:141,23,0,19
BRDA:141,23,1,19
BRDA:141,23,2,11
BRDA:148,24,0,3
BRDA:148,24,1,25
BRDA:151,25,0,0
BRDA:151,25,1,25
BRDA:151,26,0,0
BRDA:151,26,1,0
BRDA:158,27,0,20
BRDA:158,27,1,5
BRDA:164,28,0,0
BRDA:164,28,1,11
BRDA:168,29,0,0
BRDA:168,29,1,11
BRDA:193,30,0,4
BRDA:193,30,1,17
BRDA:196,31,0,0
BRDA:196,31,1,21
BRDA:214,32,0,0
BRDA:214,32,1,21
BRF:71
BRH:40
end_of_record
